{"/home/aadero/pomodoro/src/components/Analytics/Analytics.tsx": {"path":"/home/aadero/pomodoro/src/components/Analytics/Analytics.tsx","statementMap":{"0":{"start":{"line":70,"column":16},"end":{"line":70,"column":null}},"1":{"start":{"line":1,"column":24},"end":{"line":1,"column":null}},"2":{"start":{"line":2,"column":23},"end":{"line":2,"column":null}},"3":{"start":{"line":14,"column":7},"end":{"line":14,"column":null}},"4":{"start":{"line":15,"column":30},"end":{"line":15,"column":null}},"5":{"start":{"line":16,"column":29},"end":{"line":16,"column":null}},"6":{"start":{"line":17,"column":27},"end":{"line":17,"column":null}},"7":{"start":{"line":18,"column":36},"end":{"line":18,"column":null}},"8":{"start":{"line":35,"column":2},"end":{"line":37,"column":null}},"9":{"start":{"line":36,"column":4},"end":{"line":36,"column":null}},"10":{"start":{"line":38,"column":17},"end":{"line":38,"column":49}},"11":{"start":{"line":39,"column":2},"end":{"line":41,"column":null}},"12":{"start":{"line":40,"column":4},"end":{"line":40,"column":null}},"13":{"start":{"line":42,"column":2},"end":{"line":42,"column":null}},"14":{"start":{"line":46,"column":2},"end":{"line":53,"column":null}},"15":{"start":{"line":48,"column":4},"end":{"line":48,"column":null}},"16":{"start":{"line":48,"column":32},"end":{"line":48,"column":null}},"17":{"start":{"line":51,"column":21},"end":{"line":51,"column":null}},"18":{"start":{"line":52,"column":4},"end":{"line":52,"column":null}},"19":{"start":{"line":57,"column":2},"end":{"line":67,"column":null}},"20":{"start":{"line":58,"column":17},"end":{"line":58,"column":null}},"21":{"start":{"line":59,"column":4},"end":{"line":59,"column":null}},"22":{"start":{"line":60,"column":33},"end":{"line":65,"column":null}},"23":{"start":{"line":66,"column":4},"end":{"line":66,"column":null}},"24":{"start":{"line":71,"column":20},"end":{"line":71,"column":null}},"25":{"start":{"line":73,"column":16},"end":{"line":104,"column":null}},"26":{"start":{"line":74,"column":4},"end":{"line":74,"column":null}},"27":{"start":{"line":74,"column":23},"end":{"line":74,"column":null}},"28":{"start":{"line":76,"column":27},"end":{"line":76,"column":null}},"29":{"start":{"line":76,"column":47},"end":{"line":76,"column":null}},"30":{"start":{"line":77,"column":27},"end":{"line":77,"column":null}},"31":{"start":{"line":77,"column":52},"end":{"line":77,"column":69}},"32":{"start":{"line":78,"column":23},"end":{"line":78,"column":null}},"33":{"start":{"line":78,"column":48},"end":{"line":78,"column":67}},"34":{"start":{"line":79,"column":27},"end":{"line":79,"column":null}},"35":{"start":{"line":79,"column":52},"end":{"line":79,"column":74}},"36":{"start":{"line":81,"column":27},"end":{"line":85,"column":null}},"37":{"start":{"line":82,"column":28},"end":{"line":82,"column":null}},"38":{"start":{"line":83,"column":25},"end":{"line":83,"column":39}},"39":{"start":{"line":84,"column":6},"end":{"line":84,"column":null}},"40":{"start":{"line":88,"column":6},"end":{"line":90,"column":null}},"41":{"start":{"line":89,"column":42},"end":{"line":89,"column":51}},"42":{"start":{"line":92,"column":27},"end":{"line":92,"column":null}},"43":{"start":{"line":93,"column":30},"end":{"line":93,"column":null}},"44":{"start":{"line":95,"column":4},"end":{"line":103,"column":null}},"45":{"start":{"line":106,"column":20},"end":{"line":117,"column":null}},"46":{"start":{"line":107,"column":21},"end":{"line":107,"column":null}},"47":{"start":{"line":109,"column":4},"end":{"line":116,"column":null}},"48":{"start":{"line":110,"column":23},"end":{"line":110,"column":null}},"49":{"start":{"line":111,"column":6},"end":{"line":115,"column":null}},"50":{"start":{"line":113,"column":42},"end":{"line":113,"column":68}},"51":{"start":{"line":119,"column":29},"end":{"line":130,"column":null}},"52":{"start":{"line":120,"column":4},"end":{"line":120,"column":null}},"53":{"start":{"line":120,"column":16},"end":{"line":120,"column":null}},"54":{"start":{"line":122,"column":4},"end":{"line":129,"column":null}},"55":{"start":{"line":132,"column":2},"end":{"line":138,"column":null}},"56":{"start":{"line":219,"column":20},"end":{"line":219,"column":60}},"57":{"start":{"line":223,"column":20},"end":{"line":223,"column":48}}},"fnMap":{"0":{"name":"getISODate","decl":{"start":{"line":34,"column":9},"end":{"line":34,"column":20}},"loc":{"start":{"line":34,"column":30},"end":{"line":43,"column":null}}},"1":{"name":"getTasksByDate","decl":{"start":{"line":45,"column":9},"end":{"line":45,"column":24}},"loc":{"start":{"line":45,"column":57},"end":{"line":54,"column":null}}},"2":{"name":"(anonymous_3)","decl":{"start":{"line":46,"column":22},"end":{"line":46,"column":23}},"loc":{"start":{"line":46,"column":23},"end":{"line":53,"column":null}}},"3":{"name":"getLastSevenDays","decl":{"start":{"line":56,"column":9},"end":{"line":56,"column":null}},"loc":{"start":{"line":56,"column":9},"end":{"line":68,"column":null}}},"4":{"name":"(anonymous_5)","decl":{"start":{"line":57,"column":35},"end":{"line":57,"column":36}},"loc":{"start":{"line":57,"column":39},"end":{"line":67,"column":5}}},"5":{"name":"Analytics","decl":{"start":{"line":70,"column":16},"end":{"line":70,"column":null}},"loc":{"start":{"line":70,"column":16},"end":{"line":234,"column":null}}},"6":{"name":"(anonymous_7)","decl":{"start":{"line":73,"column":24},"end":{"line":73,"column":null}},"loc":{"start":{"line":73,"column":24},"end":{"line":104,"column":5}}},"7":{"name":"(anonymous_8)","decl":{"start":{"line":76,"column":40},"end":{"line":76,"column":41}},"loc":{"start":{"line":76,"column":47},"end":{"line":76,"column":null}}},"8":{"name":"(anonymous_9)","decl":{"start":{"line":77,"column":40},"end":{"line":77,"column":41}},"loc":{"start":{"line":77,"column":52},"end":{"line":77,"column":69}}},"9":{"name":"(anonymous_10)","decl":{"start":{"line":78,"column":36},"end":{"line":78,"column":37}},"loc":{"start":{"line":78,"column":48},"end":{"line":78,"column":67}}},"10":{"name":"(anonymous_11)","decl":{"start":{"line":79,"column":40},"end":{"line":79,"column":41}},"loc":{"start":{"line":79,"column":52},"end":{"line":79,"column":74}}},"11":{"name":"(anonymous_12)","decl":{"start":{"line":81,"column":46},"end":{"line":81,"column":47}},"loc":{"start":{"line":81,"column":47},"end":{"line":85,"column":null}}},"12":{"name":"(anonymous_13)","decl":{"start":{"line":89,"column":32},"end":{"line":89,"column":33}},"loc":{"start":{"line":89,"column":42},"end":{"line":89,"column":51}}},"13":{"name":"(anonymous_14)","decl":{"start":{"line":106,"column":28},"end":{"line":106,"column":null}},"loc":{"start":{"line":106,"column":28},"end":{"line":117,"column":5}}},"14":{"name":"(anonymous_15)","decl":{"start":{"line":109,"column":24},"end":{"line":109,"column":25}},"loc":{"start":{"line":109,"column":25},"end":{"line":116,"column":null}}},"15":{"name":"(anonymous_16)","decl":{"start":{"line":113,"column":35},"end":{"line":113,"column":36}},"loc":{"start":{"line":113,"column":42},"end":{"line":113,"column":68}}},"16":{"name":"(anonymous_17)","decl":{"start":{"line":119,"column":37},"end":{"line":119,"column":null}},"loc":{"start":{"line":119,"column":37},"end":{"line":130,"column":5}}},"17":{"name":"(anonymous_18)","decl":{"start":{"line":218,"column":25},"end":{"line":218,"column":26}},"loc":{"start":{"line":219,"column":20},"end":{"line":219,"column":60}}},"18":{"name":"(anonymous_19)","decl":{"start":{"line":222,"column":31},"end":{"line":222,"column":32}},"loc":{"start":{"line":223,"column":20},"end":{"line":223,"column":48}}}},"branchMap":{"0":{"loc":{"start":{"line":35,"column":2},"end":{"line":37,"column":null}},"type":"if","locations":[{"start":{"line":35,"column":2},"end":{"line":37,"column":null}}]},"1":{"loc":{"start":{"line":39,"column":2},"end":{"line":41,"column":null}},"type":"if","locations":[{"start":{"line":39,"column":2},"end":{"line":41,"column":null}}]},"2":{"loc":{"start":{"line":48,"column":4},"end":{"line":48,"column":null}},"type":"if","locations":[{"start":{"line":48,"column":4},"end":{"line":48,"column":null}}]},"3":{"loc":{"start":{"line":52,"column":11},"end":{"line":52,"column":null}},"type":"binary-expr","locations":[{"start":{"line":52,"column":11},"end":{"line":52,"column":41}},{"start":{"line":52,"column":41},"end":{"line":52,"column":null}}]},"4":{"loc":{"start":{"line":74,"column":4},"end":{"line":74,"column":null}},"type":"if","locations":[{"start":{"line":74,"column":4},"end":{"line":74,"column":null}}]},"5":{"loc":{"start":{"line":88,"column":6},"end":{"line":90,"column":null}},"type":"cond-expr","locations":[{"start":{"line":89,"column":10},"end":{"line":89,"column":72}},{"start":{"line":90,"column":10},"end":{"line":90,"column":null}}]},"6":{"loc":{"start":{"line":92,"column":27},"end":{"line":92,"column":null}},"type":"cond-expr","locations":[{"start":{"line":92,"column":46},"end":{"line":92,"column":82}},{"start":{"line":92,"column":85},"end":{"line":92,"column":null}}]},"7":{"loc":{"start":{"line":120,"column":4},"end":{"line":120,"column":null}},"type":"if","locations":[{"start":{"line":120,"column":4},"end":{"line":120,"column":null}}]},"8":{"loc":{"start":{"line":132,"column":2},"end":{"line":138,"column":null}},"type":"if","locations":[{"start":{"line":132,"column":2},"end":{"line":138,"column":null}}]}},"s":{"0":7,"1":2,"2":2,"3":2,"4":2,"5":2,"6":2,"7":2,"8":105,"9":0,"10":105,"11":105,"12":0,"13":105,"14":49,"15":56,"16":0,"17":56,"18":56,"19":7,"20":49,"21":49,"22":49,"23":49,"24":7,"25":7,"26":7,"27":3,"28":4,"29":8,"30":4,"31":8,"32":4,"33":8,"34":4,"35":8,"36":4,"37":4,"38":4,"39":4,"40":4,"41":0,"42":4,"43":4,"44":4,"45":7,"46":7,"47":7,"48":49,"49":49,"50":0,"51":7,"52":7,"53":3,"54":4,"55":7,"56":0,"57":8},"f":{"0":105,"1":49,"2":56,"3":7,"4":49,"5":7,"6":7,"7":8,"8":8,"9":8,"10":8,"11":4,"12":0,"13":7,"14":49,"15":0,"16":7,"17":0,"18":8},"b":{"0":[0],"1":[0],"2":[0],"3":[56,56],"4":[3],"5":[4,0],"6":[4,0],"7":[3],"8":[3]}}
,"/home/aadero/pomodoro/src/components/ErrorBoundary/ErrorBoundary.tsx": {"path":"/home/aadero/pomodoro/src/components/ErrorBoundary/ErrorBoundary.tsx","statementMap":{"0":{"start":{"line":15,"column":13},"end":{"line":15,"column":26}},"1":{"start":{"line":79,"column":16},"end":{"line":79,"column":33}},"2":{"start":{"line":1,"column":48},"end":{"line":1,"column":null}},"3":{"start":{"line":2,"column":34},"end":{"line":2,"column":null}},"4":{"start":{"line":17,"column":4},"end":{"line":17,"column":null}},"5":{"start":{"line":18,"column":4},"end":{"line":18,"column":null}},"6":{"start":{"line":22,"column":4},"end":{"line":22,"column":null}},"7":{"start":{"line":26,"column":4},"end":{"line":26,"column":null}},"8":{"start":{"line":27,"column":4},"end":{"line":27,"column":null}},"9":{"start":{"line":31,"column":4},"end":{"line":73,"column":null}},"10":{"start":{"line":32,"column":6},"end":{"line":34,"column":null}},"11":{"start":{"line":33,"column":8},"end":{"line":33,"column":null}},"12":{"start":{"line":64,"column":31},"end":{"line":64,"column":null}},"13":{"start":{"line":75,"column":4},"end":{"line":75,"column":null}},"14":{"start":{"line":83,"column":2},"end":{"line":89,"column":null}}},"fnMap":{"0":{"name":"(anonymous_3)","decl":{"start":{"line":16,"column":2},"end":{"line":16,"column":14}},"loc":{"start":{"line":16,"column":28},"end":{"line":19,"column":null}}},"1":{"name":"(anonymous_4)","decl":{"start":{"line":21,"column":2},"end":{"line":21,"column":9}},"loc":{"start":{"line":21,"column":55},"end":{"line":23,"column":null}}},"2":{"name":"(anonymous_5)","decl":{"start":{"line":25,"column":2},"end":{"line":25,"column":20}},"loc":{"start":{"line":25,"column":56},"end":{"line":28,"column":null}}},"3":{"name":"(anonymous_6)","decl":{"start":{"line":30,"column":2},"end":{"line":30,"column":11}},"loc":{"start":{"line":30,"column":11},"end":{"line":76,"column":null}}},"4":{"name":"(anonymous_7)","decl":{"start":{"line":64,"column":25},"end":{"line":64,"column":31}},"loc":{"start":{"line":64,"column":31},"end":{"line":64,"column":null}}},"5":{"name":"withErrorBoundary","decl":{"start":{"line":79,"column":16},"end":{"line":79,"column":33}},"loc":{"start":{"line":81,"column":22},"end":{"line":90,"column":null}}},"6":{"name":"WithErrorBoundary","decl":{"start":{"line":83,"column":18},"end":{"line":83,"column":36}},"loc":{"start":{"line":83,"column":44},"end":{"line":89,"column":null}}}},"branchMap":{"0":{"loc":{"start":{"line":31,"column":4},"end":{"line":73,"column":null}},"type":"if","locations":[{"start":{"line":31,"column":4},"end":{"line":73,"column":null}}]},"1":{"loc":{"start":{"line":32,"column":6},"end":{"line":34,"column":null}},"type":"if","locations":[{"start":{"line":32,"column":6},"end":{"line":34,"column":null}}]},"2":{"loc":{"start":{"line":52,"column":13},"end":{"line":52,"column":55}},"type":"binary-expr","locations":[{"start":{"line":52,"column":13},"end":{"line":52,"column":55}},{"start":{"line":52,"column":55},"end":{"line":52,"column":71}}]}},"s":{"0":7,"1":4,"2":2,"3":2,"4":20,"5":19,"6":16,"7":8,"8":8,"9":43,"10":24,"11":6,"12":1,"13":19,"14":4},"f":{"0":20,"1":16,"2":8,"3":43,"4":1,"5":4,"6":8},"b":{"0":[24],"1":[6],"2":[18,3]}}
,"/home/aadero/pomodoro/src/components/KeyboardShortcuts/KeyboardShortcuts.tsx": {"path":"/home/aadero/pomodoro/src/components/KeyboardShortcuts/KeyboardShortcuts.tsx","statementMap":{"0":{"start":{"line":5,"column":16},"end":{"line":5,"column":null}},"1":{"start":{"line":1,"column":25},"end":{"line":1,"column":null}},"2":{"start":{"line":2,"column":40},"end":{"line":2,"column":null}},"3":{"start":{"line":3,"column":29},"end":{"line":3,"column":null}},"4":{"start":{"line":6,"column":30},"end":{"line":6,"column":null}},"5":{"start":{"line":13,"column":23},"end":{"line":13,"column":null}}},"fnMap":{"0":{"name":"KeyboardShortcuts","decl":{"start":{"line":5,"column":16},"end":{"line":5,"column":null}},"loc":{"start":{"line":5,"column":16},"end":{"line":55,"column":null}}},"1":{"name":"(anonymous_2)","decl":{"start":{"line":13,"column":17},"end":{"line":13,"column":23}},"loc":{"start":{"line":13,"column":23},"end":{"line":13,"column":null}}}},"branchMap":{"0":{"loc":{"start":{"line":15,"column":20},"end":{"line":15,"column":null}},"type":"cond-expr","locations":[{"start":{"line":15,"column":29},"end":{"line":15,"column":58}},{"start":{"line":15,"column":58},"end":{"line":15,"column":null}}]},"1":{"loc":{"start":{"line":21,"column":9},"end":{"line":21,"column":null}},"type":"binary-expr","locations":[{"start":{"line":21,"column":9},"end":{"line":21,"column":null}}]}},"s":{"0":6,"1":2,"2":2,"3":2,"4":10,"5":4},"f":{"0":10,"1":4},"b":{"0":[3,7],"1":[10]}}
,"/home/aadero/pomodoro/src/components/Settings/Settings.tsx": {"path":"/home/aadero/pomodoro/src/components/Settings/Settings.tsx","statementMap":{"0":{"start":{"line":14,"column":16},"end":{"line":14,"column":null}},"1":{"start":{"line":1,"column":28},"end":{"line":1,"column":null}},"2":{"start":{"line":2,"column":23},"end":{"line":2,"column":null}},"3":{"start":{"line":9,"column":7},"end":{"line":9,"column":null}},"4":{"start":{"line":10,"column":33},"end":{"line":10,"column":null}},"5":{"start":{"line":11,"column":25},"end":{"line":11,"column":null}},"6":{"start":{"line":12,"column":46},"end":{"line":12,"column":null}},"7":{"start":{"line":22,"column":6},"end":{"line":22,"column":null}},"8":{"start":{"line":23,"column":23},"end":{"line":23,"column":null}},"9":{"start":{"line":25,"column":29},"end":{"line":28,"column":null}},"10":{"start":{"line":26,"column":22},"end":{"line":26,"column":null}},"11":{"start":{"line":27,"column":4},"end":{"line":27,"column":null}},"12":{"start":{"line":30,"column":35},"end":{"line":36,"column":null}},"13":{"start":{"line":31,"column":18},"end":{"line":31,"column":null}},"14":{"start":{"line":33,"column":18},"end":{"line":33,"column":null}},"15":{"start":{"line":34,"column":20},"end":{"line":34,"column":null}},"16":{"start":{"line":35,"column":4},"end":{"line":35,"column":null}},"17":{"start":{"line":38,"column":37},"end":{"line":46,"column":null}},"18":{"start":{"line":39,"column":20},"end":{"line":39,"column":null}},"19":{"start":{"line":40,"column":4},"end":{"line":44,"column":null}},"20":{"start":{"line":94,"column":29},"end":{"line":94,"column":null}}},"fnMap":{"0":{"name":"Settings","decl":{"start":{"line":14,"column":16},"end":{"line":14,"column":null}},"loc":{"start":{"line":14,"column":16},"end":{"line":168,"column":null}}},"1":{"name":"(anonymous_2)","decl":{"start":{"line":25,"column":41},"end":{"line":25,"column":42}},"loc":{"start":{"line":25,"column":42},"end":{"line":28,"column":5}}},"2":{"name":"(anonymous_3)","decl":{"start":{"line":30,"column":47},"end":{"line":30,"column":48}},"loc":{"start":{"line":30,"column":48},"end":{"line":36,"column":5}}},"3":{"name":"(anonymous_4)","decl":{"start":{"line":38,"column":49},"end":{"line":38,"column":null}},"loc":{"start":{"line":38,"column":49},"end":{"line":46,"column":5}}},"4":{"name":"(anonymous_5)","decl":{"start":{"line":94,"column":23},"end":{"line":94,"column":29}},"loc":{"start":{"line":94,"column":29},"end":{"line":94,"column":null}}}},"branchMap":{"0":{"loc":{"start":{"line":34,"column":20},"end":{"line":34,"column":null}},"type":"binary-expr","locations":[{"start":{"line":34,"column":20},"end":{"line":34,"column":30}},{"start":{"line":34,"column":34},"end":{"line":34,"column":null}}]},"1":{"loc":{"start":{"line":41,"column":6},"end":{"line":43,"column":null}},"type":"cond-expr","locations":[{"start":{"line":42,"column":10},"end":{"line":42,"column":null}},{"start":{"line":43,"column":10},"end":{"line":43,"column":null}}]},"2":{"loc":{"start":{"line":44,"column":6},"end":{"line":44,"column":null}},"type":"cond-expr","locations":[{"start":{"line":44,"column":16},"end":{"line":44,"column":28}},{"start":{"line":44,"column":28},"end":{"line":44,"column":null}}]},"3":{"loc":{"start":{"line":74,"column":15},"end":{"line":74,"column":null}},"type":"cond-expr","locations":[{"start":{"line":74,"column":26},"end":{"line":74,"column":40}},{"start":{"line":74,"column":40},"end":{"line":74,"column":null}}]},"4":{"loc":{"start":{"line":77,"column":14},"end":{"line":79,"column":15}},"type":"cond-expr","locations":[{"start":{"line":77,"column":14},"end":{"line":79,"column":15}}]},"5":{"loc":{"start":{"line":94,"column":39},"end":{"line":94,"column":null}},"type":"cond-expr","locations":[{"start":{"line":94,"column":52},"end":{"line":94,"column":56}},{"start":{"line":94,"column":56},"end":{"line":94,"column":null}}]},"6":{"loc":{"start":{"line":96,"column":26},"end":{"line":96,"column":null}},"type":"cond-expr","locations":[{"start":{"line":96,"column":39},"end":{"line":96,"column":48}},{"start":{"line":96,"column":48},"end":{"line":96,"column":null}}]},"7":{"loc":{"start":{"line":99,"column":16},"end":{"line":101,"column":17}},"type":"cond-expr","locations":[{"start":{"line":99,"column":16},"end":{"line":101,"column":17}}]},"8":{"loc":{"start":{"line":153,"column":7},"end":{"line":153,"column":null}},"type":"binary-expr","locations":[{"start":{"line":153,"column":7},"end":{"line":153,"column":null}}]}},"s":{"0":12,"1":2,"2":2,"3":2,"4":2,"5":2,"6":2,"7":12,"8":12,"9":12,"10":1,"11":1,"12":12,"13":1,"14":1,"15":1,"16":1,"17":12,"18":2,"19":2,"20":1},"f":{"0":12,"1":1,"2":1,"3":2,"4":1},"b":{"0":[1,0],"1":[1,1],"2":[1,1],"3":[1,11],"4":[1],"5":[1,0],"6":[12,0],"7":[12],"8":[12]}}
,"/home/aadero/pomodoro/src/components/Task/TaskForm.tsx": {"path":"/home/aadero/pomodoro/src/components/Task/TaskForm.tsx","statementMap":{"0":{"start":{"line":9,"column":16},"end":{"line":9,"column":null}},"1":{"start":{"line":1,"column":38},"end":{"line":1,"column":null}},"2":{"start":{"line":2,"column":23},"end":{"line":2,"column":null}},"3":{"start":{"line":3,"column":30},"end":{"line":3,"column":null}},"4":{"start":{"line":4,"column":29},"end":{"line":4,"column":null}},"5":{"start":{"line":5,"column":25},"end":{"line":5,"column":null}},"6":{"start":{"line":7,"column":32},"end":{"line":7,"column":null}},"7":{"start":{"line":10,"column":22},"end":{"line":10,"column":null}},"8":{"start":{"line":11,"column":23},"end":{"line":11,"column":null}},"9":{"start":{"line":13,"column":26},"end":{"line":24,"column":null}},"10":{"start":{"line":26,"column":23},"end":{"line":56,"column":null}},"11":{"start":{"line":27,"column":4},"end":{"line":27,"column":null}},"12":{"start":{"line":29,"column":26},"end":{"line":40,"column":null}},"13":{"start":{"line":42,"column":20},"end":{"line":42,"column":null}},"14":{"start":{"line":44,"column":4},"end":{"line":55,"column":null}},"15":{"start":{"line":45,"column":6},"end":{"line":45,"column":null}},"16":{"start":{"line":46,"column":6},"end":{"line":54,"column":null}},"17":{"start":{"line":58,"column":28},"end":{"line":66,"column":null}},"18":{"start":{"line":61,"column":28},"end":{"line":61,"column":36}},"19":{"start":{"line":62,"column":4},"end":{"line":65,"column":null}},"20":{"start":{"line":62,"column":21},"end":{"line":65,"column":null}},"21":{"start":{"line":119,"column":16},"end":{"line":119,"column":39}}},"fnMap":{"0":{"name":"TaskForm","decl":{"start":{"line":9,"column":16},"end":{"line":9,"column":null}},"loc":{"start":{"line":9,"column":16},"end":{"line":196,"column":null}}},"1":{"name":"(anonymous_2)","decl":{"start":{"line":26,"column":35},"end":{"line":26,"column":36}},"loc":{"start":{"line":26,"column":36},"end":{"line":56,"column":5}}},"2":{"name":"(anonymous_3)","decl":{"start":{"line":58,"column":40},"end":{"line":58,"column":null}},"loc":{"start":{"line":59,"column":4},"end":{"line":66,"column":5}}},"3":{"name":"(anonymous_4)","decl":{"start":{"line":62,"column":12},"end":{"line":62,"column":21}},"loc":{"start":{"line":62,"column":21},"end":{"line":65,"column":null}}},"4":{"name":"(anonymous_5)","decl":{"start":{"line":118,"column":35},"end":{"line":118,"column":null}},"loc":{"start":{"line":119,"column":16},"end":{"line":119,"column":39}}}},"branchMap":{"0":{"loc":{"start":{"line":32,"column":16},"end":{"line":32,"column":null}},"type":"binary-expr","locations":[{"start":{"line":32,"column":16},"end":{"line":32,"column":29}},{"start":{"line":32,"column":33},"end":{"line":32,"column":null}}]},"1":{"loc":{"start":{"line":33,"column":22},"end":{"line":33,"column":null}},"type":"binary-expr","locations":[{"start":{"line":33,"column":22},"end":{"line":33,"column":41}},{"start":{"line":33,"column":45},"end":{"line":33,"column":null}}]},"2":{"loc":{"start":{"line":36,"column":14},"end":{"line":36,"column":31}},"type":"binary-expr","locations":[{"start":{"line":36,"column":14},"end":{"line":36,"column":25}},{"start":{"line":36,"column":29},"end":{"line":36,"column":31}}]},"3":{"loc":{"start":{"line":38,"column":16},"end":{"line":38,"column":null}},"type":"binary-expr","locations":[{"start":{"line":38,"column":16},"end":{"line":38,"column":29}},{"start":{"line":38,"column":33},"end":{"line":38,"column":null}}]},"4":{"loc":{"start":{"line":39,"column":17},"end":{"line":39,"column":null}},"type":"binary-expr","locations":[{"start":{"line":39,"column":17},"end":{"line":39,"column":31}},{"start":{"line":39,"column":35},"end":{"line":39,"column":null}}]},"5":{"loc":{"start":{"line":44,"column":4},"end":{"line":55,"column":null}},"type":"if","locations":[{"start":{"line":44,"column":4},"end":{"line":55,"column":null}}]},"6":{"loc":{"start":{"line":64,"column":14},"end":{"line":64,"column":null}},"type":"cond-expr","locations":[{"start":{"line":64,"column":42},"end":{"line":64,"column":65}},{"start":{"line":64,"column":65},"end":{"line":64,"column":null}}]},"7":{"loc":{"start":{"line":64,"column":42},"end":{"line":64,"column":65}},"type":"binary-expr","locations":[{"start":{"line":64,"column":42},"end":{"line":64,"column":61}},{"start":{"line":64,"column":61},"end":{"line":64,"column":65}}]},"8":{"loc":{"start":{"line":157,"column":21},"end":{"line":157,"column":null}},"type":"binary-expr","locations":[{"start":{"line":157,"column":21},"end":{"line":157,"column":34}},{"start":{"line":157,"column":38},"end":{"line":157,"column":null}}]}},"s":{"0":15,"1":2,"2":2,"3":2,"4":2,"5":2,"6":2,"7":67,"8":67,"9":67,"10":67,"11":0,"12":0,"13":0,"14":0,"15":0,"16":0,"17":67,"18":52,"19":52,"20":52,"21":201},"f":{"0":67,"1":0,"2":52,"3":52,"4":201},"b":{"0":[0,0],"1":[0,0],"2":[0,0],"3":[0,0],"4":[0,0],"5":[0],"6":[11,41],"7":[11,2],"8":[67,55]}}
,"/home/aadero/pomodoro/src/components/Task/TaskList.tsx": {"path":"/home/aadero/pomodoro/src/components/Task/TaskList.tsx","statementMap":{"0":{"start":{"line":19,"column":16},"end":{"line":19,"column":null}},"1":{"start":{"line":1,"column":47},"end":{"line":1,"column":null}},"2":{"start":{"line":2,"column":40},"end":{"line":2,"column":null}},"3":{"start":{"line":8,"column":7},"end":{"line":8,"column":null}},"4":{"start":{"line":9,"column":29},"end":{"line":9,"column":null}},"5":{"start":{"line":10,"column":30},"end":{"line":10,"column":null}},"6":{"start":{"line":11,"column":25},"end":{"line":11,"column":null}},"7":{"start":{"line":12,"column":58},"end":{"line":12,"column":null}},"8":{"start":{"line":13,"column":28},"end":{"line":13,"column":null}},"9":{"start":{"line":20,"column":61},"end":{"line":20,"column":null}},"10":{"start":{"line":21,"column":39},"end":{"line":21,"column":null}},"11":{"start":{"line":22,"column":23},"end":{"line":22,"column":null}},"12":{"start":{"line":24,"column":36},"end":{"line":24,"column":null}},"13":{"start":{"line":25,"column":36},"end":{"line":25,"column":null}},"14":{"start":{"line":26,"column":42},"end":{"line":26,"column":null}},"15":{"start":{"line":28,"column":21},"end":{"line":35,"column":null}},"16":{"start":{"line":29,"column":4},"end":{"line":34,"column":null}},"17":{"start":{"line":30,"column":6},"end":{"line":30,"column":null}},"18":{"start":{"line":30,"column":27},"end":{"line":30,"column":null}},"19":{"start":{"line":32,"column":6},"end":{"line":32,"column":null}},"20":{"start":{"line":33,"column":6},"end":{"line":33,"column":null}},"21":{"start":{"line":37,"column":33},"end":{"line":64,"column":null}},"22":{"start":{"line":38,"column":24},"end":{"line":38,"column":null}},"23":{"start":{"line":41,"column":4},"end":{"line":43,"column":null}},"24":{"start":{"line":42,"column":6},"end":{"line":42,"column":null}},"25":{"start":{"line":42,"column":43},"end":{"line":42,"column":null}},"26":{"start":{"line":46,"column":4},"end":{"line":63,"column":null}},"27":{"start":{"line":47,"column":23},"end":{"line":47,"column":null}},"28":{"start":{"line":49,"column":6},"end":{"line":60,"column":null}},"29":{"start":{"line":51,"column":10},"end":{"line":51,"column":null}},"30":{"start":{"line":52,"column":10},"end":{"line":52,"column":null}},"31":{"start":{"line":54,"column":32},"end":{"line":54,"column":null}},"32":{"start":{"line":55,"column":10},"end":{"line":55,"column":null}},"33":{"start":{"line":56,"column":10},"end":{"line":56,"column":null}},"34":{"start":{"line":58,"column":10},"end":{"line":58,"column":null}},"35":{"start":{"line":59,"column":10},"end":{"line":59,"column":null}},"36":{"start":{"line":62,"column":6},"end":{"line":62,"column":null}},"37":{"start":{"line":66,"column":27},"end":{"line":71,"column":null}},"38":{"start":{"line":67,"column":4},"end":{"line":70,"column":null}},"39":{"start":{"line":68,"column":6},"end":{"line":68,"column":null}},"40":{"start":{"line":69,"column":6},"end":{"line":69,"column":null}},"41":{"start":{"line":73,"column":26},"end":{"line":78,"column":null}},"42":{"start":{"line":74,"column":4},"end":{"line":74,"column":null}},"43":{"start":{"line":75,"column":4},"end":{"line":77,"column":null}},"44":{"start":{"line":76,"column":6},"end":{"line":76,"column":null}},"45":{"start":{"line":97,"column":29},"end":{"line":97,"column":null}},"46":{"start":{"line":103,"column":16},"end":{"line":103,"column":37}},"47":{"start":{"line":110,"column":29},"end":{"line":110,"column":null}},"48":{"start":{"line":118,"column":29},"end":{"line":118,"column":null}},"49":{"start":{"line":130,"column":14},"end":{"line":131,"column":null}},"50":{"start":{"line":185,"column":39},"end":{"line":185,"column":null}},"51":{"start":{"line":213,"column":39},"end":{"line":213,"column":null}}},"fnMap":{"0":{"name":"TaskList","decl":{"start":{"line":19,"column":16},"end":{"line":19,"column":null}},"loc":{"start":{"line":19,"column":16},"end":{"line":235,"column":null}}},"1":{"name":"(anonymous_2)","decl":{"start":{"line":28,"column":33},"end":{"line":28,"column":34}},"loc":{"start":{"line":28,"column":34},"end":{"line":35,"column":5}}},"2":{"name":"(anonymous_3)","decl":{"start":{"line":30,"column":19},"end":{"line":30,"column":27}},"loc":{"start":{"line":30,"column":27},"end":{"line":30,"column":null}}},"3":{"name":"(anonymous_4)","decl":{"start":{"line":37,"column":41},"end":{"line":37,"column":null}},"loc":{"start":{"line":37,"column":41},"end":{"line":64,"column":5}}},"4":{"name":"(anonymous_5)","decl":{"start":{"line":42,"column":35},"end":{"line":42,"column":43}},"loc":{"start":{"line":42,"column":43},"end":{"line":42,"column":null}}},"5":{"name":"(anonymous_6)","decl":{"start":{"line":46,"column":35},"end":{"line":46,"column":36}},"loc":{"start":{"line":46,"column":39},"end":{"line":63,"column":null}}},"6":{"name":"(anonymous_7)","decl":{"start":{"line":66,"column":39},"end":{"line":66,"column":40}},"loc":{"start":{"line":66,"column":40},"end":{"line":71,"column":5}}},"7":{"name":"(anonymous_8)","decl":{"start":{"line":73,"column":38},"end":{"line":73,"column":39}},"loc":{"start":{"line":73,"column":39},"end":{"line":78,"column":5}}},"8":{"name":"(anonymous_9)","decl":{"start":{"line":97,"column":24},"end":{"line":97,"column":29}},"loc":{"start":{"line":97,"column":29},"end":{"line":97,"column":null}}},"9":{"name":"(anonymous_10)","decl":{"start":{"line":102,"column":31},"end":{"line":102,"column":null}},"loc":{"start":{"line":103,"column":16},"end":{"line":103,"column":37}}},"10":{"name":"(anonymous_11)","decl":{"start":{"line":110,"column":23},"end":{"line":110,"column":29}},"loc":{"start":{"line":110,"column":29},"end":{"line":110,"column":null}}},"11":{"name":"(anonymous_12)","decl":{"start":{"line":118,"column":23},"end":{"line":118,"column":29}},"loc":{"start":{"line":118,"column":29},"end":{"line":118,"column":null}}},"12":{"name":"(anonymous_13)","decl":{"start":{"line":129,"column":40},"end":{"line":129,"column":null}},"loc":{"start":{"line":130,"column":14},"end":{"line":131,"column":null}}},"13":{"name":"(anonymous_14)","decl":{"start":{"line":185,"column":33},"end":{"line":185,"column":39}},"loc":{"start":{"line":185,"column":39},"end":{"line":185,"column":null}}},"14":{"name":"(anonymous_15)","decl":{"start":{"line":213,"column":33},"end":{"line":213,"column":39}},"loc":{"start":{"line":213,"column":39},"end":{"line":213,"column":null}}}},"branchMap":{"0":{"loc":{"start":{"line":29,"column":4},"end":{"line":34,"column":null}},"type":"if","locations":[{"start":{"line":29,"column":4},"end":{"line":34,"column":null}},{"start":{"line":31,"column":11},"end":{"line":34,"column":null}}]},"1":{"loc":{"start":{"line":30,"column":27},"end":{"line":30,"column":null}},"type":"cond-expr","locations":[{"start":{"line":30,"column":44},"end":{"line":30,"column":53}},{"start":{"line":30,"column":53},"end":{"line":30,"column":null}}]},"2":{"loc":{"start":{"line":41,"column":4},"end":{"line":43,"column":null}},"type":"if","locations":[{"start":{"line":41,"column":4},"end":{"line":43,"column":null}}]},"3":{"loc":{"start":{"line":49,"column":6},"end":{"line":60,"column":null}},"type":"switch","locations":[{"start":{"line":50,"column":8},"end":{"line":52,"column":null}},{"start":{"line":53,"column":8},"end":{"line":56,"column":null}},{"start":{"line":57,"column":8},"end":{"line":59,"column":null}}]},"4":{"loc":{"start":{"line":51,"column":32},"end":{"line":51,"column":50}},"type":"binary-expr","locations":[{"start":{"line":51,"column":32},"end":{"line":51,"column":42}},{"start":{"line":51,"column":46},"end":{"line":51,"column":50}}]},"5":{"loc":{"start":{"line":51,"column":71},"end":{"line":51,"column":89}},"type":"binary-expr","locations":[{"start":{"line":51,"column":71},"end":{"line":51,"column":81}},{"start":{"line":51,"column":85},"end":{"line":51,"column":89}}]},"6":{"loc":{"start":{"line":55,"column":24},"end":{"line":55,"column":59}},"type":"binary-expr","locations":[{"start":{"line":55,"column":24},"end":{"line":55,"column":49}},{"start":{"line":55,"column":53},"end":{"line":55,"column":59}}]},"7":{"loc":{"start":{"line":55,"column":59},"end":{"line":55,"column":null}},"type":"binary-expr","locations":[{"start":{"line":55,"column":59},"end":{"line":55,"column":84}},{"start":{"line":55,"column":88},"end":{"line":55,"column":null}}]},"8":{"loc":{"start":{"line":62,"column":13},"end":{"line":62,"column":null}},"type":"cond-expr","locations":[{"start":{"line":62,"column":35},"end":{"line":62,"column":48}},{"start":{"line":62,"column":48},"end":{"line":62,"column":null}}]},"9":{"loc":{"start":{"line":67,"column":4},"end":{"line":70,"column":null}},"type":"if","locations":[{"start":{"line":67,"column":4},"end":{"line":70,"column":null}}]},"10":{"loc":{"start":{"line":75,"column":4},"end":{"line":77,"column":null}},"type":"if","locations":[{"start":{"line":75,"column":4},"end":{"line":77,"column":null}}]},"11":{"loc":{"start":{"line":114,"column":27},"end":{"line":114,"column":null}},"type":"binary-expr","locations":[{"start":{"line":114,"column":27},"end":{"line":114,"column":56}},{"start":{"line":114,"column":56},"end":{"line":114,"column":86}}]},"12":{"loc":{"start":{"line":114,"column":56},"end":{"line":114,"column":86}},"type":"cond-expr","locations":[{"start":{"line":114,"column":78},"end":{"line":114,"column":84}},{"start":{"line":114,"column":84},"end":{"line":114,"column":86}}]},"13":{"loc":{"start":{"line":122,"column":27},"end":{"line":122,"column":null}},"type":"binary-expr","locations":[{"start":{"line":122,"column":27},"end":{"line":122,"column":56}},{"start":{"line":122,"column":56},"end":{"line":122,"column":86}}]},"14":{"loc":{"start":{"line":122,"column":56},"end":{"line":122,"column":86}},"type":"cond-expr","locations":[{"start":{"line":122,"column":78},"end":{"line":122,"column":84}},{"start":{"line":122,"column":84},"end":{"line":122,"column":86}}]},"15":{"loc":{"start":{"line":137,"column":18},"end":{"line":139,"column":null}},"type":"cond-expr","locations":[{"start":{"line":138,"column":22},"end":{"line":138,"column":null}},{"start":{"line":139,"column":22},"end":{"line":139,"column":null}}]},"16":{"loc":{"start":{"line":147,"column":26},"end":{"line":151,"column":null}},"type":"cond-expr","locations":[{"start":{"line":148,"column":30},"end":{"line":148,"column":null}},{"start":{"line":149,"column":30},"end":{"line":151,"column":null}}]},"17":{"loc":{"start":{"line":149,"column":30},"end":{"line":151,"column":null}},"type":"cond-expr","locations":[{"start":{"line":150,"column":30},"end":{"line":150,"column":null}},{"start":{"line":151,"column":30},"end":{"line":151,"column":null}}]},"18":{"loc":{"start":{"line":163,"column":21},"end":{"line":163,"column":34}},"type":"binary-expr","locations":[{"start":{"line":163,"column":21},"end":{"line":163,"column":34}}]},"19":{"loc":{"start":{"line":187,"column":26},"end":{"line":189,"column":null}},"type":"cond-expr","locations":[{"start":{"line":188,"column":30},"end":{"line":188,"column":null}},{"start":{"line":189,"column":30},"end":{"line":189,"column":null}}]},"20":{"loc":{"start":{"line":191,"column":36},"end":{"line":191,"column":null}},"type":"cond-expr","locations":[{"start":{"line":191,"column":63},"end":{"line":191,"column":86}},{"start":{"line":191,"column":86},"end":{"line":191,"column":null}}]},"21":{"loc":{"start":{"line":196,"column":23},"end":{"line":196,"column":36}},"type":"binary-expr","locations":[{"start":{"line":196,"column":23},"end":{"line":196,"column":36}}]},"22":{"loc":{"start":{"line":226,"column":11},"end":{"line":226,"column":null}},"type":"binary-expr","locations":[{"start":{"line":226,"column":11},"end":{"line":226,"column":null}}]}},"s":{"0":17,"1":2,"2":2,"3":2,"4":2,"5":2,"6":2,"7":2,"8":2,"9":23,"10":23,"11":23,"12":23,"13":23,"14":23,"15":23,"16":3,"17":2,"18":2,"19":1,"20":1,"21":23,"22":23,"23":23,"24":3,"25":9,"26":23,"27":55,"28":55,"29":53,"30":53,"31":2,"32":2,"33":2,"34":0,"35":0,"36":55,"37":23,"38":2,"39":1,"40":1,"41":23,"42":2,"43":2,"44":1,"45":3,"46":69,"47":2,"48":1,"49":60,"50":2,"51":2},"f":{"0":23,"1":3,"2":2,"3":23,"4":9,"5":55,"6":2,"7":2,"8":3,"9":69,"10":2,"11":1,"12":60,"13":2,"14":2},"b":{"0":[2,1],"1":[1,1],"2":[3],"3":[53,2,0],"4":[53,35],"5":[53,0],"6":[2,0],"7":[2,0],"8":[53,2],"9":[1],"10":[1],"11":[23,22],"12":[21,1],"13":[23,1],"14":[1,0],"15":[2,58],"16":[20,40],"17":[20,20],"18":[60],"19":[2,58],"20":[2,58],"21":[60],"22":[23]}}
,"/home/aadero/pomodoro/src/components/Timer/Timer.tsx": {"path":"/home/aadero/pomodoro/src/components/Timer/Timer.tsx","statementMap":{"0":{"start":{"line":10,"column":16},"end":{"line":10,"column":null}},"1":{"start":{"line":1,"column":35},"end":{"line":1,"column":null}},"2":{"start":{"line":2,"column":23},"end":{"line":2,"column":null}},"3":{"start":{"line":3,"column":26},"end":{"line":3,"column":null}},"4":{"start":{"line":4,"column":30},"end":{"line":4,"column":null}},"5":{"start":{"line":5,"column":29},"end":{"line":5,"column":null}},"6":{"start":{"line":6,"column":25},"end":{"line":6,"column":null}},"7":{"start":{"line":7,"column":70},"end":{"line":7,"column":null}},"8":{"start":{"line":8,"column":27},"end":{"line":8,"column":null}},"9":{"start":{"line":21,"column":6},"end":{"line":21,"column":null}},"10":{"start":{"line":23,"column":46},"end":{"line":23,"column":null}},"11":{"start":{"line":25,"column":20},"end":{"line":25,"column":null}},"12":{"start":{"line":26,"column":26},"end":{"line":26,"column":null}},"13":{"start":{"line":29,"column":19},"end":{"line":32,"column":null}},"14":{"start":{"line":30,"column":26},"end":{"line":30,"column":47}},"15":{"start":{"line":34,"column":2},"end":{"line":103,"column":null}},"16":{"start":{"line":37,"column":4},"end":{"line":84,"column":null}},"17":{"start":{"line":38,"column":6},"end":{"line":38,"column":null}},"18":{"start":{"line":39,"column":6},"end":{"line":81,"column":null}},"19":{"start":{"line":40,"column":8},"end":{"line":40,"column":null}},"20":{"start":{"line":43,"column":8},"end":{"line":51,"column":null}},"21":{"start":{"line":44,"column":29},"end":{"line":44,"column":null}},"22":{"start":{"line":44,"column":48},"end":{"line":44,"column":null}},"23":{"start":{"line":45,"column":10},"end":{"line":50,"column":null}},"24":{"start":{"line":46,"column":12},"end":{"line":49,"column":null}},"25":{"start":{"line":54,"column":8},"end":{"line":80,"column":null}},"26":{"start":{"line":55,"column":10},"end":{"line":55,"column":null}},"27":{"start":{"line":56,"column":10},"end":{"line":56,"column":null}},"28":{"start":{"line":58,"column":10},"end":{"line":79,"column":null}},"29":{"start":{"line":59,"column":12},"end":{"line":59,"column":null}},"30":{"start":{"line":60,"column":40},"end":{"line":60,"column":null}},"31":{"start":{"line":63,"column":12},"end":{"line":74,"column":null}},"32":{"start":{"line":64,"column":33},"end":{"line":64,"column":null}},"33":{"start":{"line":64,"column":52},"end":{"line":64,"column":null}},"34":{"start":{"line":65,"column":14},"end":{"line":73,"column":null}},"35":{"start":{"line":66,"column":16},"end":{"line":72,"column":null}},"36":{"start":{"line":76,"column":12},"end":{"line":76,"column":null}},"37":{"start":{"line":78,"column":12},"end":{"line":78,"column":null}},"38":{"start":{"line":83,"column":6},"end":{"line":83,"column":null}},"39":{"start":{"line":86,"column":4},"end":{"line":89,"column":null}},"40":{"start":{"line":87,"column":6},"end":{"line":87,"column":null}},"41":{"start":{"line":88,"column":6},"end":{"line":88,"column":null}}},"fnMap":{"0":{"name":"Timer","decl":{"start":{"line":10,"column":16},"end":{"line":10,"column":null}},"loc":{"start":{"line":10,"column":16},"end":{"line":180,"column":null}}},"1":{"name":"(anonymous_2)","decl":{"start":{"line":29,"column":27},"end":{"line":29,"column":null}},"loc":{"start":{"line":29,"column":27},"end":{"line":32,"column":5}}},"2":{"name":"(anonymous_3)","decl":{"start":{"line":34,"column":12},"end":{"line":34,"column":null}},"loc":{"start":{"line":34,"column":12},"end":{"line":90,"column":5}}},"3":{"name":"(anonymous_4)","decl":{"start":{"line":39,"column":29},"end":{"line":39,"column":null}},"loc":{"start":{"line":39,"column":29},"end":{"line":81,"column":9}}},"4":{"name":"(anonymous_5)","decl":{"start":{"line":44,"column":40},"end":{"line":44,"column":48}},"loc":{"start":{"line":44,"column":48},"end":{"line":44,"column":null}}},"5":{"name":"(anonymous_6)","decl":{"start":{"line":64,"column":44},"end":{"line":64,"column":52}},"loc":{"start":{"line":64,"column":52},"end":{"line":64,"column":null}}},"6":{"name":"(anonymous_7)","decl":{"start":{"line":86,"column":11},"end":{"line":86,"column":null}},"loc":{"start":{"line":86,"column":11},"end":{"line":89,"column":null}}}},"branchMap":{"0":{"loc":{"start":{"line":37,"column":4},"end":{"line":84,"column":null}},"type":"if","locations":[{"start":{"line":37,"column":4},"end":{"line":84,"column":null}},{"start":{"line":82,"column":11},"end":{"line":84,"column":null}}]},"1":{"loc":{"start":{"line":43,"column":8},"end":{"line":51,"column":null}},"type":"if","locations":[{"start":{"line":43,"column":8},"end":{"line":51,"column":null}}]},"2":{"loc":{"start":{"line":43,"column":12},"end":{"line":43,"column":45}},"type":"binary-expr","locations":[{"start":{"line":43,"column":12},"end":{"line":43,"column":28}},{"start":{"line":43,"column":28},"end":{"line":43,"column":45}}]},"3":{"loc":{"start":{"line":45,"column":10},"end":{"line":50,"column":null}},"type":"if","locations":[{"start":{"line":45,"column":10},"end":{"line":50,"column":null}}]},"4":{"loc":{"start":{"line":54,"column":8},"end":{"line":80,"column":null}},"type":"if","locations":[{"start":{"line":54,"column":8},"end":{"line":80,"column":null}}]},"5":{"loc":{"start":{"line":58,"column":10},"end":{"line":79,"column":null}},"type":"if","locations":[{"start":{"line":58,"column":10},"end":{"line":79,"column":null}},{"start":{"line":77,"column":17},"end":{"line":79,"column":null}}]},"6":{"loc":{"start":{"line":63,"column":12},"end":{"line":74,"column":null}},"type":"if","locations":[{"start":{"line":63,"column":12},"end":{"line":74,"column":null}}]},"7":{"loc":{"start":{"line":65,"column":14},"end":{"line":73,"column":null}},"type":"if","locations":[{"start":{"line":65,"column":14},"end":{"line":73,"column":null}}]},"8":{"loc":{"start":{"line":69,"column":26},"end":{"line":71,"column":null}},"type":"cond-expr","locations":[{"start":{"line":70,"column":22},"end":{"line":70,"column":null}},{"start":{"line":71,"column":22},"end":{"line":71,"column":null}}]},"9":{"loc":{"start":{"line":76,"column":20},"end":{"line":76,"column":null}},"type":"cond-expr","locations":[{"start":{"line":76,"column":42},"end":{"line":76,"column":56}},{"start":{"line":76,"column":56},"end":{"line":76,"column":null}}]},"10":{"loc":{"start":{"line":158,"column":14},"end":{"line":160,"column":null}},"type":"cond-expr","locations":[{"start":{"line":159,"column":18},"end":{"line":159,"column":null}},{"start":{"line":160,"column":18},"end":{"line":160,"column":null}}]},"11":{"loc":{"start":{"line":162,"column":24},"end":{"line":162,"column":null}},"type":"cond-expr","locations":[{"start":{"line":162,"column":36},"end":{"line":162,"column":52}},{"start":{"line":162,"column":52},"end":{"line":162,"column":null}}]},"12":{"loc":{"start":{"line":164,"column":13},"end":{"line":164,"column":null}},"type":"cond-expr","locations":[{"start":{"line":164,"column":25},"end":{"line":164,"column":35}},{"start":{"line":164,"column":35},"end":{"line":164,"column":null}}]}},"s":{"0":9,"1":2,"2":2,"3":2,"4":2,"5":2,"6":2,"7":2,"8":2,"9":9,"10":9,"11":9,"12":9,"13":9,"14":9,"15":9,"16":9,"17":4,"18":4,"19":3,"20":3,"21":3,"22":3,"23":3,"24":3,"25":3,"26":2,"27":2,"28":2,"29":2,"30":2,"31":2,"32":2,"33":2,"34":2,"35":2,"36":2,"37":0,"38":5,"39":9,"40":9,"41":9},"f":{"0":9,"1":9,"2":9,"3":3,"4":3,"5":2,"6":9},"b":{"0":[4,5],"1":[3],"2":[3,3],"3":[3],"4":[2],"5":[2,0],"6":[2],"7":[2],"8":[0,2],"9":[1,1],"10":[4,5],"11":[4,5],"12":[4,5]}}
,"/home/aadero/pomodoro/src/components/Toast/Toast.tsx": {"path":"/home/aadero/pomodoro/src/components/Toast/Toast.tsx","statementMap":{"0":{"start":{"line":14,"column":16},"end":{"line":14,"column":22}},"1":{"start":{"line":1,"column":26},"end":{"line":1,"column":null}},"2":{"start":{"line":8,"column":19},"end":{"line":12,"column":null}},"3":{"start":{"line":15,"column":2},"end":{"line":21,"column":null}},"4":{"start":{"line":16,"column":18},"end":{"line":18,"column":13}},"5":{"start":{"line":17,"column":6},"end":{"line":17,"column":null}},"6":{"start":{"line":20,"column":4},"end":{"line":20,"column":null}},"7":{"start":{"line":20,"column":17},"end":{"line":20,"column":null}},"8":{"start":{"line":32,"column":25},"end":{"line":32,"column":null}}},"fnMap":{"0":{"name":"Toast","decl":{"start":{"line":14,"column":16},"end":{"line":14,"column":22}},"loc":{"start":{"line":14,"column":74},"end":{"line":41,"column":null}}},"1":{"name":"(anonymous_2)","decl":{"start":{"line":15,"column":12},"end":{"line":15,"column":null}},"loc":{"start":{"line":15,"column":12},"end":{"line":21,"column":5}}},"2":{"name":"(anonymous_3)","decl":{"start":{"line":16,"column":29},"end":{"line":16,"column":null}},"loc":{"start":{"line":16,"column":29},"end":{"line":18,"column":7}}},"3":{"name":"(anonymous_4)","decl":{"start":{"line":20,"column":11},"end":{"line":20,"column":17}},"loc":{"start":{"line":20,"column":17},"end":{"line":20,"column":null}}},"4":{"name":"(anonymous_5)","decl":{"start":{"line":32,"column":19},"end":{"line":32,"column":25}},"loc":{"start":{"line":32,"column":25},"end":{"line":32,"column":null}}}},"branchMap":{"0":{"loc":{"start":{"line":14,"column":37},"end":{"line":14,"column":51}},"type":"default-arg","locations":[{"start":{"line":14,"column":44},"end":{"line":14,"column":51}}]}},"s":{"0":18,"1":3,"2":3,"3":18,"4":18,"5":1,"6":18,"7":18,"8":1},"f":{"0":18,"1":18,"2":1,"3":18,"4":1},"b":{"0":[1]}}
,"/home/aadero/pomodoro/src/components/Toast/ToastContainer.tsx": {"path":"/home/aadero/pomodoro/src/components/Toast/ToastContainer.tsx","statementMap":{"0":{"start":{"line":33,"column":9},"end":{"line":33,"column":null}},"1":{"start":{"line":5,"column":16},"end":{"line":5,"column":30}},"2":{"start":{"line":1,"column":40},"end":{"line":1,"column":null}},"3":{"start":{"line":2,"column":22},"end":{"line":2,"column":null}},"4":{"start":{"line":3,"column":25},"end":{"line":3,"column":null}},"5":{"start":{"line":6,"column":34},"end":{"line":6,"column":null}},"6":{"start":{"line":12,"column":10},"end":{"line":13,"column":null}}},"fnMap":{"0":{"name":"ToastContainer","decl":{"start":{"line":5,"column":16},"end":{"line":5,"column":30}},"loc":{"start":{"line":5,"column":16},"end":{"line":30,"column":null}}},"1":{"name":"(anonymous_4)","decl":{"start":{"line":11,"column":20},"end":{"line":11,"column":21}},"loc":{"start":{"line":12,"column":10},"end":{"line":13,"column":null}}}},"branchMap":{},"s":{"0":0,"1":8,"2":2,"3":2,"4":2,"5":8,"6":8},"f":{"0":8,"1":8},"b":{}}
,"/home/aadero/pomodoro/src/hooks/useAudio.ts": {"path":"/home/aadero/pomodoro/src/hooks/useAudio.ts","statementMap":{"0":{"start":{"line":9,"column":16},"end":{"line":9,"column":25}},"1":{"start":{"line":1,"column":47},"end":{"line":1,"column":null}},"2":{"start":{"line":2,"column":33},"end":{"line":2,"column":null}},"3":{"start":{"line":10,"column":19},"end":{"line":10,"column":null}},"4":{"start":{"line":11,"column":17},"end":{"line":11,"column":null}},"5":{"start":{"line":11,"column":45},"end":{"line":11,"column":57}},"6":{"start":{"line":13,"column":2},"end":{"line":23,"column":null}},"7":{"start":{"line":14,"column":4},"end":{"line":14,"column":null}},"8":{"start":{"line":15,"column":4},"end":{"line":15,"column":null}},"9":{"start":{"line":17,"column":4},"end":{"line":22,"column":null}},"10":{"start":{"line":18,"column":6},"end":{"line":21,"column":null}},"11":{"start":{"line":19,"column":8},"end":{"line":19,"column":null}},"12":{"start":{"line":20,"column":8},"end":{"line":20,"column":null}},"13":{"start":{"line":25,"column":2},"end":{"line":29,"column":null}},"14":{"start":{"line":26,"column":4},"end":{"line":28,"column":null}},"15":{"start":{"line":27,"column":6},"end":{"line":27,"column":null}},"16":{"start":{"line":31,"column":15},"end":{"line":39,"column":null}},"17":{"start":{"line":32,"column":4},"end":{"line":38,"column":null}},"18":{"start":{"line":34,"column":6},"end":{"line":34,"column":null}},"19":{"start":{"line":35,"column":6},"end":{"line":37,"column":null}},"20":{"start":{"line":36,"column":8},"end":{"line":36,"column":null}},"21":{"start":{"line":41,"column":16},"end":{"line":45,"column":null}},"22":{"start":{"line":42,"column":4},"end":{"line":44,"column":null}},"23":{"start":{"line":43,"column":6},"end":{"line":43,"column":null}},"24":{"start":{"line":47,"column":15},"end":{"line":52,"column":null}},"25":{"start":{"line":48,"column":4},"end":{"line":51,"column":null}},"26":{"start":{"line":49,"column":6},"end":{"line":49,"column":null}},"27":{"start":{"line":50,"column":6},"end":{"line":50,"column":null}},"28":{"start":{"line":54,"column":2},"end":{"line":58,"column":null}}},"fnMap":{"0":{"name":"useAudio","decl":{"start":{"line":9,"column":16},"end":{"line":9,"column":25}},"loc":{"start":{"line":9,"column":61},"end":{"line":59,"column":null}}},"1":{"name":"(anonymous_2)","decl":{"start":{"line":11,"column":34},"end":{"line":11,"column":35}},"loc":{"start":{"line":11,"column":45},"end":{"line":11,"column":57}}},"2":{"name":"(anonymous_3)","decl":{"start":{"line":13,"column":12},"end":{"line":13,"column":null}},"loc":{"start":{"line":13,"column":12},"end":{"line":23,"column":5}}},"3":{"name":"(anonymous_4)","decl":{"start":{"line":17,"column":11},"end":{"line":17,"column":null}},"loc":{"start":{"line":17,"column":11},"end":{"line":22,"column":null}}},"4":{"name":"(anonymous_5)","decl":{"start":{"line":25,"column":12},"end":{"line":25,"column":null}},"loc":{"start":{"line":25,"column":12},"end":{"line":29,"column":5}}},"5":{"name":"(anonymous_6)","decl":{"start":{"line":31,"column":27},"end":{"line":31,"column":null}},"loc":{"start":{"line":31,"column":27},"end":{"line":39,"column":5}}},"6":{"name":"(anonymous_7)","decl":{"start":{"line":35,"column":36},"end":{"line":35,"column":37}},"loc":{"start":{"line":35,"column":37},"end":{"line":37,"column":null}}},"7":{"name":"(anonymous_8)","decl":{"start":{"line":41,"column":28},"end":{"line":41,"column":null}},"loc":{"start":{"line":41,"column":28},"end":{"line":45,"column":5}}},"8":{"name":"(anonymous_9)","decl":{"start":{"line":47,"column":27},"end":{"line":47,"column":null}},"loc":{"start":{"line":47,"column":27},"end":{"line":52,"column":5}}}},"branchMap":{"0":{"loc":{"start":{"line":9,"column":32},"end":{"line":9,"column":44}},"type":"default-arg","locations":[{"start":{"line":9,"column":39},"end":{"line":9,"column":44}}]},"1":{"loc":{"start":{"line":18,"column":6},"end":{"line":21,"column":null}},"type":"if","locations":[{"start":{"line":18,"column":6},"end":{"line":21,"column":null}}]},"2":{"loc":{"start":{"line":26,"column":4},"end":{"line":28,"column":null}},"type":"if","locations":[{"start":{"line":26,"column":4},"end":{"line":28,"column":null}}]},"3":{"loc":{"start":{"line":32,"column":4},"end":{"line":38,"column":null}},"type":"if","locations":[{"start":{"line":32,"column":4},"end":{"line":38,"column":null}}]},"4":{"loc":{"start":{"line":42,"column":4},"end":{"line":44,"column":null}},"type":"if","locations":[{"start":{"line":42,"column":4},"end":{"line":44,"column":null}}]},"5":{"loc":{"start":{"line":48,"column":4},"end":{"line":51,"column":null}},"type":"if","locations":[{"start":{"line":48,"column":4},"end":{"line":51,"column":null}}]}},"s":{"0":14,"1":4,"2":4,"3":12,"4":12,"5":37,"6":12,"7":11,"8":11,"9":11,"10":11,"11":11,"12":11,"13":12,"14":11,"15":11,"16":12,"17":2,"18":2,"19":2,"20":1,"21":12,"22":1,"23":1,"24":12,"25":1,"26":1,"27":1,"28":12},"f":{"0":12,"1":37,"2":11,"3":11,"4":11,"5":2,"6":1,"7":1,"8":1},"b":{"0":[10],"1":[11],"2":[11],"3":[2],"4":[1],"5":[1]}}
,"/home/aadero/pomodoro/src/hooks/useKeyboardShortcuts.ts": {"path":"/home/aadero/pomodoro/src/hooks/useKeyboardShortcuts.ts","statementMap":{"0":{"start":{"line":5,"column":16},"end":{"line":5,"column":null}},"1":{"start":{"line":1,"column":39},"end":{"line":1,"column":null}},"2":{"start":{"line":2,"column":30},"end":{"line":2,"column":null}},"3":{"start":{"line":3,"column":29},"end":{"line":3,"column":null}},"4":{"start":{"line":6,"column":51},"end":{"line":6,"column":null}},"5":{"start":{"line":7,"column":49},"end":{"line":7,"column":null}},"6":{"start":{"line":9,"column":25},"end":{"line":70,"column":null}},"7":{"start":{"line":11,"column":21},"end":{"line":11,"column":33}},"8":{"start":{"line":13,"column":6},"end":{"line":19,"column":null}},"9":{"start":{"line":18,"column":8},"end":{"line":18,"column":null}},"10":{"start":{"line":21,"column":6},"end":{"line":68,"column":null}},"11":{"start":{"line":24,"column":10},"end":{"line":24,"column":null}},"12":{"start":{"line":25,"column":10},"end":{"line":25,"column":null}},"13":{"start":{"line":26,"column":10},"end":{"line":26,"column":null}},"14":{"start":{"line":30,"column":10},"end":{"line":30,"column":null}},"15":{"start":{"line":31,"column":10},"end":{"line":31,"column":null}},"16":{"start":{"line":32,"column":10},"end":{"line":32,"column":null}},"17":{"start":{"line":36,"column":10},"end":{"line":36,"column":null}},"18":{"start":{"line":37,"column":10},"end":{"line":37,"column":null}},"19":{"start":{"line":38,"column":10},"end":{"line":38,"column":null}},"20":{"start":{"line":42,"column":10},"end":{"line":42,"column":null}},"21":{"start":{"line":43,"column":10},"end":{"line":45,"column":null}},"22":{"start":{"line":44,"column":12},"end":{"line":44,"column":null}},"23":{"start":{"line":47,"column":10},"end":{"line":63,"column":null}},"24":{"start":{"line":49,"column":30},"end":{"line":49,"column":38}},"25":{"start":{"line":50,"column":12},"end":{"line":52,"column":null}},"26":{"start":{"line":51,"column":14},"end":{"line":51,"column":null}},"27":{"start":{"line":55,"column":33},"end":{"line":55,"column":null}},"28":{"start":{"line":55,"column":54},"end":{"line":55,"column":null}},"29":{"start":{"line":56,"column":12},"end":{"line":62,"column":null}},"30":{"start":{"line":57,"column":32},"end":{"line":57,"column":65}},"31":{"start":{"line":58,"column":31},"end":{"line":58,"column":47}},"32":{"start":{"line":59,"column":14},"end":{"line":61,"column":null}},"33":{"start":{"line":60,"column":16},"end":{"line":60,"column":null}},"34":{"start":{"line":64,"column":10},"end":{"line":64,"column":null}},"35":{"start":{"line":67,"column":10},"end":{"line":67,"column":null}},"36":{"start":{"line":73,"column":2},"end":{"line":76,"column":null}},"37":{"start":{"line":74,"column":4},"end":{"line":74,"column":null}},"38":{"start":{"line":75,"column":4},"end":{"line":75,"column":null}},"39":{"start":{"line":75,"column":17},"end":{"line":75,"column":null}}},"fnMap":{"0":{"name":"useKeyboardShortcuts","decl":{"start":{"line":5,"column":16},"end":{"line":5,"column":null}},"loc":{"start":{"line":5,"column":16},"end":{"line":77,"column":null}}},"1":{"name":"(anonymous_2)","decl":{"start":{"line":10,"column":4},"end":{"line":10,"column":5}},"loc":{"start":{"line":10,"column":5},"end":{"line":69,"column":null}}},"2":{"name":"(anonymous_3)","decl":{"start":{"line":55,"column":49},"end":{"line":55,"column":54}},"loc":{"start":{"line":55,"column":54},"end":{"line":55,"column":null}}},"3":{"name":"(anonymous_4)","decl":{"start":{"line":73,"column":12},"end":{"line":73,"column":null}},"loc":{"start":{"line":73,"column":12},"end":{"line":76,"column":5}}},"4":{"name":"(anonymous_5)","decl":{"start":{"line":75,"column":11},"end":{"line":75,"column":17}},"loc":{"start":{"line":75,"column":17},"end":{"line":75,"column":null}}}},"branchMap":{"0":{"loc":{"start":{"line":13,"column":6},"end":{"line":19,"column":null}},"type":"if","locations":[{"start":{"line":13,"column":6},"end":{"line":19,"column":null}}]},"1":{"loc":{"start":{"line":14,"column":8},"end":{"line":16,"column":null}},"type":"binary-expr","locations":[{"start":{"line":14,"column":8},"end":{"line":14,"column":null}},{"start":{"line":15,"column":8},"end":{"line":15,"column":null}},{"start":{"line":16,"column":8},"end":{"line":16,"column":null}}]},"2":{"loc":{"start":{"line":21,"column":6},"end":{"line":68,"column":null}},"type":"switch","locations":[{"start":{"line":22,"column":8},"end":{"line":26,"column":null}},{"start":{"line":28,"column":8},"end":{"line":32,"column":null}},{"start":{"line":34,"column":8},"end":{"line":38,"column":null}},{"start":{"line":40,"column":8},"end":{"line":64,"column":null}},{"start":{"line":66,"column":8},"end":{"line":67,"column":null}}]},"3":{"loc":{"start":{"line":43,"column":10},"end":{"line":45,"column":null}},"type":"if","locations":[{"start":{"line":43,"column":10},"end":{"line":45,"column":null}}]},"4":{"loc":{"start":{"line":43,"column":14},"end":{"line":43,"column":44}},"type":"binary-expr","locations":[{"start":{"line":43,"column":14},"end":{"line":43,"column":24}},{"start":{"line":43,"column":24},"end":{"line":43,"column":44}}]},"5":{"loc":{"start":{"line":47,"column":10},"end":{"line":63,"column":null}},"type":"if","locations":[{"start":{"line":47,"column":10},"end":{"line":63,"column":null}},{"start":{"line":53,"column":17},"end":{"line":63,"column":null}}]},"6":{"loc":{"start":{"line":50,"column":12},"end":{"line":52,"column":null}},"type":"if","locations":[{"start":{"line":50,"column":12},"end":{"line":52,"column":null}}]},"7":{"loc":{"start":{"line":56,"column":12},"end":{"line":62,"column":null}},"type":"if","locations":[{"start":{"line":56,"column":12},"end":{"line":62,"column":null}}]},"8":{"loc":{"start":{"line":59,"column":14},"end":{"line":61,"column":null}},"type":"if","locations":[{"start":{"line":59,"column":14},"end":{"line":61,"column":null}}]}},"s":{"0":9,"1":2,"2":2,"3":2,"4":8,"5":8,"6":8,"7":8,"8":8,"9":0,"10":8,"11":2,"12":2,"13":2,"14":1,"15":1,"16":1,"17":1,"18":1,"19":1,"20":4,"21":4,"22":1,"23":3,"24":1,"25":1,"26":1,"27":2,"28":2,"29":2,"30":2,"31":2,"32":2,"33":2,"34":3,"35":0,"36":8,"37":8,"38":8,"39":8},"f":{"0":8,"1":8,"2":2,"3":8,"4":8},"b":{"0":[0],"1":[8,8,8],"2":[2,1,1,4,0],"3":[1],"4":[4,4],"5":[1,2],"6":[1],"7":[2],"8":[2]}}
,"/home/aadero/pomodoro/src/hooks/useToast.ts": {"path":"/home/aadero/pomodoro/src/hooks/useToast.ts","statementMap":{"0":{"start":{"line":4,"column":16},"end":{"line":4,"column":null}},"1":{"start":{"line":1,"column":38},"end":{"line":1,"column":null}},"2":{"start":{"line":5,"column":30},"end":{"line":5,"column":null}},"3":{"start":{"line":7,"column":19},"end":{"line":19,"column":null}},"4":{"start":{"line":8,"column":15},"end":{"line":8,"column":null}},"5":{"start":{"line":9,"column":28},"end":{"line":9,"column":null}},"6":{"start":{"line":11,"column":4},"end":{"line":11,"column":null}},"7":{"start":{"line":11,"column":24},"end":{"line":11,"column":null}},"8":{"start":{"line":14,"column":4},"end":{"line":16,"column":null}},"9":{"start":{"line":15,"column":6},"end":{"line":15,"column":null}},"10":{"start":{"line":18,"column":4},"end":{"line":18,"column":null}},"11":{"start":{"line":21,"column":22},"end":{"line":23,"column":null}},"12":{"start":{"line":22,"column":4},"end":{"line":22,"column":null}},"13":{"start":{"line":22,"column":24},"end":{"line":22,"column":null}},"14":{"start":{"line":22,"column":47},"end":{"line":22,"column":null}},"15":{"start":{"line":25,"column":22},"end":{"line":27,"column":null}},"16":{"start":{"line":26,"column":4},"end":{"line":26,"column":null}},"17":{"start":{"line":29,"column":2},"end":{"line":34,"column":null}}},"fnMap":{"0":{"name":"useToast","decl":{"start":{"line":4,"column":16},"end":{"line":4,"column":null}},"loc":{"start":{"line":4,"column":16},"end":{"line":35,"column":null}}},"1":{"name":"(anonymous_2)","decl":{"start":{"line":7,"column":31},"end":{"line":7,"column":32}},"loc":{"start":{"line":7,"column":74},"end":{"line":19,"column":5}}},"2":{"name":"(anonymous_3)","decl":{"start":{"line":11,"column":14},"end":{"line":11,"column":15}},"loc":{"start":{"line":11,"column":24},"end":{"line":11,"column":null}}},"3":{"name":"(anonymous_4)","decl":{"start":{"line":14,"column":15},"end":{"line":14,"column":null}},"loc":{"start":{"line":14,"column":15},"end":{"line":16,"column":7}}},"4":{"name":"(anonymous_5)","decl":{"start":{"line":21,"column":34},"end":{"line":21,"column":35}},"loc":{"start":{"line":21,"column":35},"end":{"line":23,"column":5}}},"5":{"name":"(anonymous_6)","decl":{"start":{"line":22,"column":14},"end":{"line":22,"column":15}},"loc":{"start":{"line":22,"column":24},"end":{"line":22,"column":null}}},"6":{"name":"(anonymous_7)","decl":{"start":{"line":22,"column":36},"end":{"line":22,"column":37}},"loc":{"start":{"line":22,"column":47},"end":{"line":22,"column":null}}},"7":{"name":"(anonymous_8)","decl":{"start":{"line":25,"column":34},"end":{"line":25,"column":null}},"loc":{"start":{"line":25,"column":34},"end":{"line":27,"column":5}}}},"branchMap":{"0":{"loc":{"start":{"line":7,"column":49},"end":{"line":7,"column":74}},"type":"default-arg","locations":[{"start":{"line":7,"column":67},"end":{"line":7,"column":74}}]}},"s":{"0":32,"1":7,"2":27,"3":27,"4":17,"5":17,"6":17,"7":17,"8":17,"9":3,"10":17,"11":27,"12":5,"13":5,"14":5,"15":27,"16":1,"17":27},"f":{"0":27,"1":17,"2":17,"3":3,"4":5,"5":5,"6":5,"7":1},"b":{"0":[13]}}
,"/home/aadero/pomodoro/src/store/settingsStore.ts": {"path":"/home/aadero/pomodoro/src/store/settingsStore.ts","statementMap":{"0":{"start":{"line":11,"column":13},"end":{"line":11,"column":32}},"1":{"start":{"line":1,"column":23},"end":{"line":1,"column":null}},"2":{"start":{"line":2,"column":24},"end":{"line":2,"column":null}},"3":{"start":{"line":11,"column":32},"end":{"line":23,"column":null}},"4":{"start":{"line":13,"column":14},"end":{"line":20,"column":null}},"5":{"start":{"line":17,"column":28},"end":{"line":17,"column":null}},"6":{"start":{"line":17,"column":44},"end":{"line":17,"column":null}},"7":{"start":{"line":18,"column":34},"end":{"line":18,"column":null}},"8":{"start":{"line":19,"column":29},"end":{"line":19,"column":null}}},"fnMap":{"0":{"name":"(anonymous_1)","decl":{"start":{"line":13,"column":4},"end":{"line":13,"column":5}},"loc":{"start":{"line":13,"column":14},"end":{"line":20,"column":null}}},"1":{"name":"(anonymous_2)","decl":{"start":{"line":17,"column":22},"end":{"line":17,"column":28}},"loc":{"start":{"line":17,"column":28},"end":{"line":17,"column":null}}},"2":{"name":"(anonymous_3)","decl":{"start":{"line":17,"column":32},"end":{"line":17,"column":33}},"loc":{"start":{"line":17,"column":44},"end":{"line":17,"column":null}}},"3":{"name":"(anonymous_4)","decl":{"start":{"line":18,"column":23},"end":{"line":18,"column":24}},"loc":{"start":{"line":18,"column":34},"end":{"line":18,"column":null}}},"4":{"name":"(anonymous_5)","decl":{"start":{"line":19,"column":17},"end":{"line":19,"column":18}},"loc":{"start":{"line":19,"column":29},"end":{"line":19,"column":null}}}},"branchMap":{},"s":{"0":57,"1":6,"2":6,"3":6,"4":6,"5":2,"6":2,"7":10,"8":14},"f":{"0":6,"1":2,"2":2,"3":10,"4":14},"b":{}}
,"/home/aadero/pomodoro/src/store/taskStore.ts": {"path":"/home/aadero/pomodoro/src/store/taskStore.ts","statementMap":{"0":{"start":{"line":34,"column":13},"end":{"line":34,"column":28}},"1":{"start":{"line":1,"column":23},"end":{"line":1,"column":null}},"2":{"start":{"line":2,"column":24},"end":{"line":2,"column":null}},"3":{"start":{"line":13,"column":21},"end":{"line":32,"column":null}},"4":{"start":{"line":14,"column":27},"end":{"line":14,"column":29}},"5":{"start":{"line":16,"column":2},"end":{"line":18,"column":null}},"6":{"start":{"line":17,"column":4},"end":{"line":17,"column":null}},"7":{"start":{"line":20,"column":2},"end":{"line":22,"column":null}},"8":{"start":{"line":21,"column":4},"end":{"line":21,"column":null}},"9":{"start":{"line":24,"column":2},"end":{"line":26,"column":null}},"10":{"start":{"line":25,"column":4},"end":{"line":25,"column":null}},"11":{"start":{"line":28,"column":2},"end":{"line":31,"column":null}},"12":{"start":{"line":34,"column":28},"end":{"line":63,"column":null}},"13":{"start":{"line":36,"column":14},"end":{"line":60,"column":null}},"14":{"start":{"line":40,"column":27},"end":{"line":40,"column":null}},"15":{"start":{"line":41,"column":8},"end":{"line":43,"column":null}},"16":{"start":{"line":42,"column":10},"end":{"line":42,"column":null}},"17":{"start":{"line":44,"column":8},"end":{"line":46,"column":null}},"18":{"start":{"line":44,"column":24},"end":{"line":46,"column":null}},"19":{"start":{"line":47,"column":8},"end":{"line":47,"column":null}},"20":{"start":{"line":50,"column":8},"end":{"line":52,"column":null}},"21":{"start":{"line":50,"column":24},"end":{"line":52,"column":null}},"22":{"start":{"line":51,"column":41},"end":{"line":51,"column":null}},"23":{"start":{"line":54,"column":8},"end":{"line":57,"column":null}},"24":{"start":{"line":54,"column":24},"end":{"line":57,"column":null}},"25":{"start":{"line":55,"column":43},"end":{"line":55,"column":null}},"26":{"start":{"line":58,"column":29},"end":{"line":58,"column":null}}},"fnMap":{"0":{"name":"(anonymous_1)","decl":{"start":{"line":13,"column":21},"end":{"line":13,"column":22}},"loc":{"start":{"line":13,"column":22},"end":{"line":32,"column":null}}},"1":{"name":"(anonymous_2)","decl":{"start":{"line":36,"column":4},"end":{"line":36,"column":5}},"loc":{"start":{"line":36,"column":14},"end":{"line":60,"column":null}}},"2":{"name":"(anonymous_3)","decl":{"start":{"line":39,"column":15},"end":{"line":39,"column":16}},"loc":{"start":{"line":39,"column":16},"end":{"line":48,"column":null}}},"3":{"name":"(anonymous_4)","decl":{"start":{"line":44,"column":12},"end":{"line":44,"column":13}},"loc":{"start":{"line":44,"column":24},"end":{"line":46,"column":null}}},"4":{"name":"(anonymous_5)","decl":{"start":{"line":49,"column":18},"end":{"line":49,"column":19}},"loc":{"start":{"line":50,"column":8},"end":{"line":52,"column":null}}},"5":{"name":"(anonymous_6)","decl":{"start":{"line":50,"column":12},"end":{"line":50,"column":13}},"loc":{"start":{"line":50,"column":24},"end":{"line":52,"column":null}}},"6":{"name":"(anonymous_7)","decl":{"start":{"line":51,"column":33},"end":{"line":51,"column":34}},"loc":{"start":{"line":51,"column":41},"end":{"line":51,"column":null}}},"7":{"name":"(anonymous_8)","decl":{"start":{"line":53,"column":18},"end":{"line":53,"column":19}},"loc":{"start":{"line":54,"column":8},"end":{"line":57,"column":null}}},"8":{"name":"(anonymous_9)","decl":{"start":{"line":54,"column":12},"end":{"line":54,"column":13}},"loc":{"start":{"line":54,"column":24},"end":{"line":57,"column":null}}},"9":{"name":"(anonymous_10)","decl":{"start":{"line":55,"column":36},"end":{"line":55,"column":37}},"loc":{"start":{"line":55,"column":43},"end":{"line":55,"column":null}}},"10":{"name":"(anonymous_11)","decl":{"start":{"line":58,"column":21},"end":{"line":58,"column":22}},"loc":{"start":{"line":58,"column":29},"end":{"line":58,"column":null}}}},"branchMap":{"0":{"loc":{"start":{"line":16,"column":2},"end":{"line":18,"column":null}},"type":"if","locations":[{"start":{"line":16,"column":2},"end":{"line":18,"column":null}}]},"1":{"loc":{"start":{"line":16,"column":6},"end":{"line":16,"column":45}},"type":"binary-expr","locations":[{"start":{"line":16,"column":6},"end":{"line":16,"column":16}},{"start":{"line":16,"column":20},"end":{"line":16,"column":45}}]},"2":{"loc":{"start":{"line":20,"column":2},"end":{"line":22,"column":null}},"type":"if","locations":[{"start":{"line":20,"column":2},"end":{"line":22,"column":null}}]},"3":{"loc":{"start":{"line":20,"column":6},"end":{"line":20,"column":56}},"type":"binary-expr","locations":[{"start":{"line":20,"column":6},"end":{"line":20,"column":26}},{"start":{"line":20,"column":30},"end":{"line":20,"column":56}}]},"4":{"loc":{"start":{"line":24,"column":2},"end":{"line":26,"column":null}},"type":"if","locations":[{"start":{"line":24,"column":2},"end":{"line":26,"column":null}}]},"5":{"loc":{"start":{"line":41,"column":8},"end":{"line":43,"column":null}},"type":"if","locations":[{"start":{"line":41,"column":8},"end":{"line":43,"column":null}}]},"6":{"loc":{"start":{"line":51,"column":41},"end":{"line":51,"column":null}},"type":"cond-expr","locations":[{"start":{"line":51,"column":60},"end":{"line":51,"column":67}},{"start":{"line":51,"column":67},"end":{"line":51,"column":null}}]},"7":{"loc":{"start":{"line":56,"column":24},"end":{"line":56,"column":77}},"type":"cond-expr","locations":[{"start":{"line":56,"column":52},"end":{"line":56,"column":59}},{"start":{"line":56,"column":59},"end":{"line":56,"column":77}}]}},"s":{"0":45,"1":7,"2":7,"3":7,"4":10,"5":10,"6":2,"7":10,"8":1,"9":10,"10":1,"11":10,"12":7,"13":7,"14":8,"15":8,"16":1,"17":7,"18":7,"19":7,"20":1,"21":1,"22":1,"23":6,"24":6,"25":7,"26":3},"f":{"0":10,"1":7,"2":8,"3":7,"4":1,"5":1,"6":1,"7":6,"8":6,"9":7,"10":3},"b":{"0":[2],"1":[10,8],"2":[1],"3":[10,9],"4":[1],"5":[1],"6":[1,0],"7":[2,4]}}
,"/home/aadero/pomodoro/src/store/timerStore.ts": {"path":"/home/aadero/pomodoro/src/store/timerStore.ts","statementMap":{"0":{"start":{"line":23,"column":13},"end":{"line":23,"column":29}},"1":{"start":{"line":1,"column":23},"end":{"line":1,"column":null}},"2":{"start":{"line":12,"column":23},"end":{"line":21,"column":null}},"3":{"start":{"line":13,"column":2},"end":{"line":20,"column":null}},"4":{"start":{"line":15,"column":6},"end":{"line":15,"column":null}},"5":{"start":{"line":17,"column":6},"end":{"line":17,"column":null}},"6":{"start":{"line":19,"column":6},"end":{"line":19,"column":null}},"7":{"start":{"line":23,"column":29},"end":{"line":33,"column":null}},"8":{"start":{"line":23,"column":73},"end":{"line":33,"column":null}},"9":{"start":{"line":28,"column":33},"end":{"line":28,"column":null}},"10":{"start":{"line":29,"column":23},"end":{"line":29,"column":null}},"11":{"start":{"line":29,"column":39},"end":{"line":29,"column":null}},"12":{"start":{"line":30,"column":32},"end":{"line":30,"column":null}},"13":{"start":{"line":31,"column":28},"end":{"line":31,"column":null}},"14":{"start":{"line":31,"column":44},"end":{"line":31,"column":null}},"15":{"start":{"line":32,"column":20},"end":{"line":32,"column":null}},"16":{"start":{"line":32,"column":36},"end":{"line":32,"column":null}}},"fnMap":{"0":{"name":"(anonymous_1)","decl":{"start":{"line":12,"column":23},"end":{"line":12,"column":24}},"loc":{"start":{"line":12,"column":24},"end":{"line":21,"column":null}}},"1":{"name":"(anonymous_2)","decl":{"start":{"line":23,"column":63},"end":{"line":23,"column":64}},"loc":{"start":{"line":23,"column":73},"end":{"line":33,"column":null}}},"2":{"name":"(anonymous_3)","decl":{"start":{"line":28,"column":15},"end":{"line":28,"column":16}},"loc":{"start":{"line":28,"column":33},"end":{"line":28,"column":null}}},"3":{"name":"(anonymous_4)","decl":{"start":{"line":29,"column":17},"end":{"line":29,"column":23}},"loc":{"start":{"line":29,"column":23},"end":{"line":29,"column":null}}},"4":{"name":"(anonymous_5)","decl":{"start":{"line":29,"column":27},"end":{"line":29,"column":28}},"loc":{"start":{"line":29,"column":39},"end":{"line":29,"column":null}}},"5":{"name":"(anonymous_6)","decl":{"start":{"line":30,"column":11},"end":{"line":30,"column":12}},"loc":{"start":{"line":30,"column":32},"end":{"line":30,"column":null}}},"6":{"name":"(anonymous_7)","decl":{"start":{"line":31,"column":22},"end":{"line":31,"column":28}},"loc":{"start":{"line":31,"column":28},"end":{"line":31,"column":null}}},"7":{"name":"(anonymous_8)","decl":{"start":{"line":31,"column":32},"end":{"line":31,"column":33}},"loc":{"start":{"line":31,"column":44},"end":{"line":31,"column":null}}},"8":{"name":"(anonymous_9)","decl":{"start":{"line":32,"column":14},"end":{"line":32,"column":20}},"loc":{"start":{"line":32,"column":20},"end":{"line":32,"column":null}}},"9":{"name":"(anonymous_10)","decl":{"start":{"line":32,"column":24},"end":{"line":32,"column":25}},"loc":{"start":{"line":32,"column":36},"end":{"line":32,"column":null}}}},"branchMap":{"0":{"loc":{"start":{"line":13,"column":2},"end":{"line":20,"column":null}},"type":"switch","locations":[{"start":{"line":14,"column":4},"end":{"line":15,"column":null}},{"start":{"line":16,"column":4},"end":{"line":17,"column":null}},{"start":{"line":18,"column":4},"end":{"line":19,"column":null}}]}},"s":{"0":57,"1":5,"2":5,"3":22,"4":12,"5":4,"6":6,"7":5,"8":5,"9":3,"10":3,"11":3,"12":5,"13":1,"14":1,"15":12,"16":12},"f":{"0":22,"1":5,"2":3,"3":3,"4":3,"5":5,"6":1,"7":1,"8":12,"9":12},"b":{"0":[12,4,6]}}
}
