TN:
SF:src/components/Analytics/Analytics.tsx
FN:34,getISODate
FN:45,getTasksByDate
FN:46,(anonymous_3)
FN:56,getLastSevenDays
FN:57,(anonymous_5)
FN:70,Analytics
FN:73,(anonymous_7)
FN:76,(anonymous_8)
FN:77,(anonymous_9)
FN:78,(anonymous_10)
FN:79,(anonymous_11)
FN:81,(anonymous_12)
FN:89,(anonymous_13)
FN:106,(anonymous_14)
FN:109,(anonymous_15)
FN:113,(anonymous_16)
FN:119,(anonymous_17)
FN:218,(anonymous_18)
FN:222,(anonymous_19)
FNF:19
FNH:16
FNDA:105,getISODate
FNDA:49,getTasksByDate
FNDA:56,(anonymous_3)
FNDA:7,getLastSevenDays
FNDA:49,(anonymous_5)
FNDA:7,Analytics
FNDA:7,(anonymous_7)
FNDA:8,(anonymous_8)
FNDA:8,(anonymous_9)
FNDA:8,(anonymous_10)
FNDA:8,(anonymous_11)
FNDA:4,(anonymous_12)
FNDA:0,(anonymous_13)
FNDA:7,(anonymous_14)
FNDA:49,(anonymous_15)
FNDA:0,(anonymous_16)
FNDA:7,(anonymous_17)
FNDA:0,(anonymous_18)
FNDA:8,(anonymous_19)
DA:1,2
DA:2,2
DA:14,2
DA:15,2
DA:16,2
DA:17,2
DA:18,2
DA:35,105
DA:36,0
DA:38,105
DA:39,105
DA:40,0
DA:42,105
DA:46,49
DA:48,56
DA:51,56
DA:52,56
DA:57,7
DA:58,49
DA:59,49
DA:60,49
DA:66,49
DA:70,7
DA:71,7
DA:73,7
DA:74,7
DA:76,8
DA:77,8
DA:78,8
DA:79,8
DA:81,4
DA:82,4
DA:83,4
DA:84,4
DA:88,4
DA:89,0
DA:92,4
DA:93,4
DA:95,4
DA:106,7
DA:107,7
DA:109,7
DA:110,49
DA:111,49
DA:113,0
DA:119,7
DA:120,7
DA:122,4
DA:132,7
DA:219,0
DA:223,8
LF:51
LH:46
BRDA:35,0,0,0
BRDA:39,1,0,0
BRDA:48,2,0,0
BRDA:52,3,0,56
BRDA:52,3,1,56
BRDA:74,4,0,3
BRDA:88,5,0,4
BRDA:88,5,1,0
BRDA:92,6,0,4
BRDA:92,6,1,0
BRDA:120,7,0,3
BRDA:132,8,0,3
BRF:12
BRH:7
end_of_record
TN:
SF:src/components/ErrorBoundary/ErrorBoundary.tsx
FN:16,(anonymous_3)
FN:21,(anonymous_4)
FN:25,(anonymous_5)
FN:30,(anonymous_6)
FN:64,(anonymous_7)
FN:79,withErrorBoundary
FN:83,WithErrorBoundary
FNF:7
FNH:7
FNDA:20,(anonymous_3)
FNDA:16,(anonymous_4)
FNDA:8,(anonymous_5)
FNDA:43,(anonymous_6)
FNDA:1,(anonymous_7)
FNDA:4,withErrorBoundary
FNDA:8,WithErrorBoundary
DA:1,2
DA:2,2
DA:15,7
DA:17,20
DA:18,19
DA:22,16
DA:26,8
DA:27,8
DA:31,43
DA:32,24
DA:33,6
DA:64,1
DA:75,19
DA:79,4
DA:83,4
LF:15
LH:15
BRDA:31,0,0,24
BRDA:32,1,0,6
BRDA:52,2,0,18
BRDA:52,2,1,3
BRF:4
BRH:4
end_of_record
TN:
SF:src/components/KeyboardShortcuts/KeyboardShortcuts.tsx
FN:5,KeyboardShortcuts
FN:13,(anonymous_2)
FNF:2
FNH:2
FNDA:10,KeyboardShortcuts
FNDA:4,(anonymous_2)
DA:1,2
DA:2,2
DA:3,2
DA:5,6
DA:6,10
DA:13,4
LF:6
LH:6
BRDA:15,0,0,3
BRDA:15,0,1,7
BRDA:21,1,0,10
BRF:3
BRH:3
end_of_record
TN:
SF:src/components/Settings/Settings.tsx
FN:14,Settings
FN:25,(anonymous_2)
FN:30,(anonymous_3)
FN:38,(anonymous_4)
FN:94,(anonymous_5)
FNF:5
FNH:5
FNDA:12,Settings
FNDA:1,(anonymous_2)
FNDA:1,(anonymous_3)
FNDA:2,(anonymous_4)
FNDA:1,(anonymous_5)
DA:1,2
DA:2,2
DA:9,2
DA:10,2
DA:11,2
DA:12,2
DA:14,12
DA:22,12
DA:23,12
DA:25,12
DA:26,1
DA:27,1
DA:30,12
DA:31,1
DA:33,1
DA:34,1
DA:35,1
DA:38,12
DA:39,2
DA:40,2
DA:94,1
LF:21
LH:21
BRDA:34,0,0,1
BRDA:34,0,1,0
BRDA:41,1,0,1
BRDA:41,1,1,1
BRDA:44,2,0,1
BRDA:44,2,1,1
BRDA:74,3,0,1
BRDA:74,3,1,11
BRDA:77,4,0,1
BRDA:94,5,0,1
BRDA:94,5,1,0
BRDA:96,6,0,12
BRDA:96,6,1,0
BRDA:99,7,0,12
BRDA:153,8,0,12
BRF:15
BRH:12
end_of_record
TN:
SF:src/components/Task/TaskForm.tsx
FN:9,TaskForm
FN:26,(anonymous_2)
FN:58,(anonymous_3)
FN:62,(anonymous_4)
FN:118,(anonymous_5)
FNF:5
FNH:4
FNDA:67,TaskForm
FNDA:0,(anonymous_2)
FNDA:52,(anonymous_3)
FNDA:52,(anonymous_4)
FNDA:201,(anonymous_5)
DA:1,2
DA:2,2
DA:3,2
DA:4,2
DA:5,2
DA:7,2
DA:9,15
DA:10,67
DA:11,67
DA:13,67
DA:26,67
DA:27,0
DA:29,0
DA:42,0
DA:44,0
DA:45,0
DA:46,0
DA:58,67
DA:61,52
DA:62,52
DA:119,201
LF:21
LH:15
BRDA:32,0,0,0
BRDA:32,0,1,0
BRDA:33,1,0,0
BRDA:33,1,1,0
BRDA:36,2,0,0
BRDA:36,2,1,0
BRDA:38,3,0,0
BRDA:38,3,1,0
BRDA:39,4,0,0
BRDA:39,4,1,0
BRDA:44,5,0,0
BRDA:64,6,0,11
BRDA:64,6,1,41
BRDA:64,7,0,11
BRDA:64,7,1,2
BRDA:157,8,0,67
BRDA:157,8,1,55
BRF:17
BRH:6
end_of_record
TN:
SF:src/components/Task/TaskList.tsx
FN:19,TaskList
FN:28,(anonymous_2)
FN:30,(anonymous_3)
FN:37,(anonymous_4)
FN:42,(anonymous_5)
FN:46,(anonymous_6)
FN:66,(anonymous_7)
FN:73,(anonymous_8)
FN:97,(anonymous_9)
FN:102,(anonymous_10)
FN:110,(anonymous_11)
FN:118,(anonymous_12)
FN:129,(anonymous_13)
FN:185,(anonymous_14)
FN:213,(anonymous_15)
FNF:15
FNH:15
FNDA:23,TaskList
FNDA:3,(anonymous_2)
FNDA:2,(anonymous_3)
FNDA:23,(anonymous_4)
FNDA:9,(anonymous_5)
FNDA:55,(anonymous_6)
FNDA:2,(anonymous_7)
FNDA:2,(anonymous_8)
FNDA:3,(anonymous_9)
FNDA:69,(anonymous_10)
FNDA:2,(anonymous_11)
FNDA:1,(anonymous_12)
FNDA:60,(anonymous_13)
FNDA:2,(anonymous_14)
FNDA:2,(anonymous_15)
DA:1,2
DA:2,2
DA:8,2
DA:9,2
DA:10,2
DA:11,2
DA:12,2
DA:13,2
DA:19,17
DA:20,23
DA:21,23
DA:22,23
DA:24,23
DA:25,23
DA:26,23
DA:28,23
DA:29,3
DA:30,2
DA:32,1
DA:33,1
DA:37,23
DA:38,23
DA:41,23
DA:42,9
DA:46,23
DA:47,55
DA:49,55
DA:51,53
DA:52,53
DA:54,2
DA:55,2
DA:56,2
DA:58,0
DA:59,0
DA:62,55
DA:66,23
DA:67,2
DA:68,1
DA:69,1
DA:73,23
DA:74,2
DA:75,2
DA:76,1
DA:97,3
DA:103,69
DA:110,2
DA:118,1
DA:130,60
DA:185,2
DA:213,2
LF:50
LH:48
BRDA:29,0,0,2
BRDA:29,0,1,1
BRDA:30,1,0,1
BRDA:30,1,1,1
BRDA:41,2,0,3
BRDA:49,3,0,53
BRDA:49,3,1,2
BRDA:49,3,2,0
BRDA:51,4,0,53
BRDA:51,4,1,35
BRDA:51,5,0,53
BRDA:51,5,1,0
BRDA:55,6,0,2
BRDA:55,6,1,0
BRDA:55,7,0,2
BRDA:55,7,1,0
BRDA:62,8,0,53
BRDA:62,8,1,2
BRDA:67,9,0,1
BRDA:75,10,0,1
BRDA:114,11,0,23
BRDA:114,11,1,22
BRDA:114,12,0,21
BRDA:114,12,1,1
BRDA:122,13,0,23
BRDA:122,13,1,1
BRDA:122,14,0,1
BRDA:122,14,1,0
BRDA:137,15,0,2
BRDA:137,15,1,58
BRDA:147,16,0,20
BRDA:147,16,1,40
BRDA:149,17,0,20
BRDA:149,17,1,20
BRDA:163,18,0,60
BRDA:187,19,0,2
BRDA:187,19,1,58
BRDA:191,20,0,2
BRDA:191,20,1,58
BRDA:196,21,0,60
BRDA:226,22,0,23
BRF:41
BRH:36
end_of_record
TN:
SF:src/components/Timer/Timer.tsx
FN:10,Timer
FN:29,(anonymous_2)
FN:34,(anonymous_3)
FN:39,(anonymous_4)
FN:44,(anonymous_5)
FN:64,(anonymous_6)
FN:86,(anonymous_7)
FNF:7
FNH:7
FNDA:9,Timer
FNDA:9,(anonymous_2)
FNDA:9,(anonymous_3)
FNDA:3,(anonymous_4)
FNDA:3,(anonymous_5)
FNDA:2,(anonymous_6)
FNDA:9,(anonymous_7)
DA:1,2
DA:2,2
DA:3,2
DA:4,2
DA:5,2
DA:6,2
DA:7,2
DA:8,2
DA:10,9
DA:21,9
DA:23,9
DA:25,9
DA:26,9
DA:29,9
DA:30,9
DA:34,9
DA:37,9
DA:38,4
DA:39,4
DA:40,3
DA:43,3
DA:44,3
DA:45,3
DA:46,3
DA:54,3
DA:55,2
DA:56,2
DA:58,2
DA:59,2
DA:60,2
DA:63,2
DA:64,2
DA:65,2
DA:66,2
DA:76,2
DA:78,0
DA:83,5
DA:86,9
DA:87,9
DA:88,9
LF:40
LH:39
BRDA:37,0,0,4
BRDA:37,0,1,5
BRDA:43,1,0,3
BRDA:43,2,0,3
BRDA:43,2,1,3
BRDA:45,3,0,3
BRDA:54,4,0,2
BRDA:58,5,0,2
BRDA:58,5,1,0
BRDA:63,6,0,2
BRDA:65,7,0,2
BRDA:69,8,0,0
BRDA:69,8,1,2
BRDA:76,9,0,1
BRDA:76,9,1,1
BRDA:158,10,0,4
BRDA:158,10,1,5
BRDA:162,11,0,4
BRDA:162,11,1,5
BRDA:164,12,0,4
BRDA:164,12,1,5
BRF:21
BRH:19
end_of_record
TN:
SF:src/components/Toast/Toast.tsx
FN:14,Toast
FN:15,(anonymous_2)
FN:16,(anonymous_3)
FN:20,(anonymous_4)
FN:32,(anonymous_5)
FNF:5
FNH:5
FNDA:18,Toast
FNDA:18,(anonymous_2)
FNDA:1,(anonymous_3)
FNDA:18,(anonymous_4)
FNDA:1,(anonymous_5)
DA:1,3
DA:8,3
DA:14,18
DA:15,18
DA:16,18
DA:17,1
DA:20,18
DA:32,1
LF:8
LH:8
BRDA:14,0,0,1
BRF:1
BRH:1
end_of_record
TN:
SF:src/components/Toast/ToastContainer.tsx
FN:5,ToastContainer
FN:11,(anonymous_4)
FNF:2
FNH:2
FNDA:8,ToastContainer
FNDA:8,(anonymous_4)
DA:1,2
DA:2,2
DA:3,2
DA:5,8
DA:6,8
DA:12,8
DA:33,0
LF:7
LH:6
BRF:0
BRH:0
end_of_record
TN:
SF:src/hooks/useAudio.ts
FN:9,useAudio
FN:11,(anonymous_2)
FN:13,(anonymous_3)
FN:17,(anonymous_4)
FN:25,(anonymous_5)
FN:31,(anonymous_6)
FN:35,(anonymous_7)
FN:41,(anonymous_8)
FN:47,(anonymous_9)
FNF:9
FNH:9
FNDA:12,useAudio
FNDA:37,(anonymous_2)
FNDA:11,(anonymous_3)
FNDA:11,(anonymous_4)
FNDA:11,(anonymous_5)
FNDA:2,(anonymous_6)
FNDA:1,(anonymous_7)
FNDA:1,(anonymous_8)
FNDA:1,(anonymous_9)
DA:1,4
DA:2,4
DA:9,14
DA:10,12
DA:11,37
DA:13,12
DA:14,11
DA:15,11
DA:17,11
DA:18,11
DA:19,11
DA:20,11
DA:25,12
DA:26,11
DA:27,11
DA:31,12
DA:32,2
DA:34,2
DA:35,2
DA:36,1
DA:41,12
DA:42,1
DA:43,1
DA:47,12
DA:48,1
DA:49,1
DA:50,1
DA:54,12
LF:28
LH:28
BRDA:9,0,0,10
BRDA:18,1,0,11
BRDA:26,2,0,11
BRDA:32,3,0,2
BRDA:42,4,0,1
BRDA:48,5,0,1
BRF:6
BRH:6
end_of_record
TN:
SF:src/hooks/useKeyboardShortcuts.ts
FN:5,useKeyboardShortcuts
FN:10,(anonymous_2)
FN:55,(anonymous_3)
FN:73,(anonymous_4)
FN:75,(anonymous_5)
FNF:5
FNH:5
FNDA:8,useKeyboardShortcuts
FNDA:8,(anonymous_2)
FNDA:2,(anonymous_3)
FNDA:8,(anonymous_4)
FNDA:8,(anonymous_5)
DA:1,2
DA:2,2
DA:3,2
DA:5,9
DA:6,8
DA:7,8
DA:9,8
DA:11,8
DA:13,8
DA:18,0
DA:21,8
DA:24,2
DA:25,2
DA:26,2
DA:30,1
DA:31,1
DA:32,1
DA:36,1
DA:37,1
DA:38,1
DA:42,4
DA:43,4
DA:44,1
DA:47,3
DA:49,1
DA:50,1
DA:51,1
DA:55,2
DA:56,2
DA:57,2
DA:58,2
DA:59,2
DA:60,2
DA:64,3
DA:67,0
DA:73,8
DA:74,8
DA:75,8
LF:38
LH:36
BRDA:13,0,0,0
BRDA:14,1,0,8
BRDA:14,1,1,8
BRDA:14,1,2,8
BRDA:21,2,0,2
BRDA:21,2,1,1
BRDA:21,2,2,1
BRDA:21,2,3,4
BRDA:21,2,4,0
BRDA:43,3,0,1
BRDA:43,4,0,4
BRDA:43,4,1,4
BRDA:47,5,0,1
BRDA:47,5,1,2
BRDA:50,6,0,1
BRDA:56,7,0,2
BRDA:59,8,0,2
BRF:17
BRH:15
end_of_record
TN:
SF:src/hooks/useToast.ts
FN:4,useToast
FN:7,(anonymous_2)
FN:11,(anonymous_3)
FN:14,(anonymous_4)
FN:21,(anonymous_5)
FN:22,(anonymous_6)
FN:22,(anonymous_7)
FN:25,(anonymous_8)
FNF:8
FNH:8
FNDA:27,useToast
FNDA:17,(anonymous_2)
FNDA:17,(anonymous_3)
FNDA:3,(anonymous_4)
FNDA:5,(anonymous_5)
FNDA:5,(anonymous_6)
FNDA:5,(anonymous_7)
FNDA:1,(anonymous_8)
DA:1,7
DA:4,32
DA:5,27
DA:7,27
DA:8,17
DA:9,17
DA:11,17
DA:14,17
DA:15,3
DA:18,17
DA:21,27
DA:22,5
DA:25,27
DA:26,1
DA:29,27
LF:15
LH:15
BRDA:7,0,0,13
BRF:1
BRH:1
end_of_record
TN:
SF:src/store/settingsStore.ts
FN:13,(anonymous_1)
FN:17,(anonymous_2)
FN:17,(anonymous_3)
FN:18,(anonymous_4)
FN:19,(anonymous_5)
FNF:5
FNH:5
FNDA:6,(anonymous_1)
FNDA:2,(anonymous_2)
FNDA:2,(anonymous_3)
FNDA:10,(anonymous_4)
FNDA:14,(anonymous_5)
DA:1,6
DA:2,6
DA:11,57
DA:13,6
DA:17,2
DA:18,10
DA:19,14
LF:7
LH:7
BRF:0
BRH:0
end_of_record
TN:
SF:src/store/taskStore.ts
FN:13,(anonymous_1)
FN:36,(anonymous_2)
FN:39,(anonymous_3)
FN:44,(anonymous_4)
FN:49,(anonymous_5)
FN:50,(anonymous_6)
FN:51,(anonymous_7)
FN:53,(anonymous_8)
FN:54,(anonymous_9)
FN:55,(anonymous_10)
FN:58,(anonymous_11)
FNF:11
FNH:11
FNDA:10,(anonymous_1)
FNDA:7,(anonymous_2)
FNDA:8,(anonymous_3)
FNDA:7,(anonymous_4)
FNDA:1,(anonymous_5)
FNDA:1,(anonymous_6)
FNDA:1,(anonymous_7)
FNDA:6,(anonymous_8)
FNDA:6,(anonymous_9)
FNDA:7,(anonymous_10)
FNDA:3,(anonymous_11)
DA:1,7
DA:2,7
DA:13,7
DA:14,10
DA:16,10
DA:17,2
DA:20,10
DA:21,1
DA:24,10
DA:25,1
DA:28,10
DA:34,45
DA:36,7
DA:40,8
DA:41,8
DA:42,1
DA:44,7
DA:47,7
DA:50,1
DA:51,1
DA:54,6
DA:55,7
DA:58,3
LF:23
LH:23
BRDA:16,0,0,2
BRDA:16,1,0,10
BRDA:16,1,1,8
BRDA:20,2,0,1
BRDA:20,3,0,10
BRDA:20,3,1,9
BRDA:24,4,0,1
BRDA:41,5,0,1
BRDA:51,6,0,1
BRDA:51,6,1,0
BRDA:56,7,0,2
BRDA:56,7,1,4
BRF:12
BRH:11
end_of_record
TN:
SF:src/store/timerStore.ts
FN:12,(anonymous_1)
FN:23,(anonymous_2)
FN:28,(anonymous_3)
FN:29,(anonymous_4)
FN:29,(anonymous_5)
FN:30,(anonymous_6)
FN:31,(anonymous_7)
FN:31,(anonymous_8)
FN:32,(anonymous_9)
FN:32,(anonymous_10)
FNF:10
FNH:10
FNDA:22,(anonymous_1)
FNDA:5,(anonymous_2)
FNDA:3,(anonymous_3)
FNDA:3,(anonymous_4)
FNDA:3,(anonymous_5)
FNDA:5,(anonymous_6)
FNDA:1,(anonymous_7)
FNDA:1,(anonymous_8)
FNDA:12,(anonymous_9)
FNDA:12,(anonymous_10)
DA:1,5
DA:12,5
DA:13,22
DA:15,12
DA:17,4
DA:19,6
DA:23,57
DA:28,3
DA:29,3
DA:30,5
DA:31,1
DA:32,12
LF:12
LH:12
BRDA:13,0,0,12
BRDA:13,0,1,4
BRDA:13,0,2,6
BRF:3
BRH:3
end_of_record
